 pg_terminate_backend 
----------------------
(0 rows)

DROP DATABASE
CREATE DATABASE
============================= test session starts ==============================
platform linux -- Python 3.12.13, pytest-9.0.3, pluggy-1.6.0 -- /usr/local/bin/python3.12
cachedir: .pytest_cache
rootdir: /app/services/core-api
configfile: pyproject.toml
plugins: respx-0.23.1, anyio-4.13.0
collecting ... collected 1095 items

services/core-api/tests/test_admin_orders_detail.py::test_get_order_for_staff_symbol_absent PASSED [  0%]
services/core-api/tests/test_admin_orders_detail.py::test_get_order_for_staff_returns_other_users_order PASSED [  0%]
services/core-api/tests/test_admin_orders_detail.py::test_get_order_for_staff_raises_on_unknown_id PASSED [  0%]
services/core-api/tests/test_admin_orders_detail.py::test_admin_orders_detail_route_not_registered PASSED [  0%]
services/core-api/tests/test_admin_orders_detail.py::test_admin_orders_detail_requires_authorization PASSED [  0%]
services/core-api/tests/test_admin_orders_detail.py::test_admin_orders_detail_rejects_customer PASSED [  0%]
services/core-api/tests/test_admin_orders_detail.py::test_admin_orders_detail_returns_other_users_order PASSED [  0%]
services/core-api/tests/test_admin_orders_detail.py::test_admin_orders_detail_barista_sees_other_users_order PASSED [  0%]
services/core-api/tests/test_admin_orders_detail.py::test_admin_orders_detail_returns_404_on_unknown_id PASSED [  0%]
services/core-api/tests/test_admin_orders_list.py::test_list_orders_for_staff_symbol_absent PASSED [  0%]
services/core-api/tests/test_admin_orders_list.py::test_list_orders_for_staff_active_excludes_finalized PASSED [  1%]
services/core-api/tests/test_admin_orders_list.py::test_list_orders_for_staff_explicit_status_filters_exact PASSED [  1%]
services/core-api/tests/test_admin_orders_list.py::test_list_orders_for_staff_type_filter_combines_with_status PASSED [  1%]
services/core-api/tests/test_admin_orders_list.py::test_list_orders_for_staff_active_orders_by_created_at_desc PASSED [  1%]
services/core-api/tests/test_admin_orders_list.py::test_list_orders_for_staff_finalized_orders_by_updated_at_desc PASSED [  1%]
services/core-api/tests/test_admin_orders_list.py::test_list_orders_for_staff_pagination_slice_and_total PASSED [  1%]
services/core-api/tests/test_admin_orders_list.py::test_list_orders_for_staff_sees_all_users PASSED [  1%]
services/core-api/tests/test_admin_orders_list.py::test_admin_orders_list_route_not_registered PASSED [  1%]
services/core-api/tests/test_admin_orders_list.py::test_admin_orders_list_requires_authorization PASSED [  1%]
services/core-api/tests/test_admin_orders_list.py::test_admin_orders_list_rejects_customer PASSED [  1%]
services/core-api/tests/test_admin_orders_list.py::test_admin_orders_list_rejects_courier PASSED [  1%]
services/core-api/tests/test_admin_orders_list.py::test_admin_orders_list_rejects_per_page_over_100 PASSED [  2%]
services/core-api/tests/test_admin_orders_list.py::test_admin_orders_list_defaults_to_active_filter PASSED [  2%]
services/core-api/tests/test_admin_orders_list.py::test_admin_orders_list_type_filter PASSED [  2%]
services/core-api/tests/test_admin_orders_list.py::test_admin_orders_list_barista_same_access_as_admin PASSED [  2%]
services/core-api/tests/test_admin_orders_list.py::test_admin_orders_list_sees_multiple_users_orders PASSED [  2%]
services/core-api/tests/test_admin_orders_rbac.py::test_admin_orders_list_matrix_row_allows_admin_and_barista_only PASSED [  2%]
services/core-api/tests/test_admin_orders_rbac.py::test_admin_orders_detail_matrix_row_allows_admin_and_barista_only PASSED [  2%]
services/core-api/tests/test_admin_orders_rbac.py::test_admin_orders_routes_not_public PASSED [  2%]
services/core-api/tests/test_admin_orders_rbac.py::test_existing_customer_list_orders_signature_has_user_id PASSED [  2%]
services/core-api/tests/test_admin_orders_rbac.py::test_existing_customer_order_detail_row_untouched PASSED [  2%]
services/core-api/tests/test_admin_promocodes_crud.py::test_schemas_module_importable PASSED [  2%]
services/core-api/tests/test_admin_promocodes_crud.py::test_promocode_update_all_fields_optional PASSED [  3%]
services/core-api/tests/test_admin_promocodes_crud.py::test_promocode_state_literal_values PASSED [  3%]
services/core-api/tests/test_admin_promocodes_crud.py::test_create_route_registered PASSED [  3%]
services/core-api/tests/test_admin_promocodes_crud.py::test_create_happy_path_uppercases_code PASSED [  3%]
services/core-api/tests/test_admin_promocodes_crud.py::test_create_duplicate_code_returns_409 PASSED [  3%]
services/core-api/tests/test_admin_promocodes_crud.py::test_create_rejects_bad_pattern PASSED [  3%]
services/core-api/tests/test_admin_promocodes_crud.py::test_create_percent_over_100_rejected PASSED [  3%]
services/core-api/tests/test_admin_promocodes_crud.py::test_create_fixed_amount_non_positive_rejected PASSED [  3%]
services/core-api/tests/test_admin_promocodes_crud.py::test_create_dates_inverted_rejected PASSED [  3%]
services/core-api/tests/test_admin_promocodes_crud.py::test_create_per_user_over_max_uses_rejected PASSED [  3%]
services/core-api/tests/test_admin_promocodes_crud.py::test_create_requires_admin_rejects_barista PASSED [  3%]
services/core-api/tests/test_admin_promocodes_crud.py::test_create_requires_token PASSED [  4%]
services/core-api/tests/test_admin_promocodes_crud.py::test_detail_route_registered PASSED [  4%]
services/core-api/tests/test_admin_promocodes_crud.py::test_detail_happy_returns_state_field PASSED [  4%]
services/core-api/tests/test_admin_promocodes_crud.py::test_detail_unknown_id_returns_404 PASSED [  4%]
services/core-api/tests/test_admin_promocodes_crud.py::test_detail_rejects_customer PASSED [  4%]
services/core-api/tests/test_admin_promocodes_edit_rules.py::test_patch_route_registered PASSED [  4%]
services/core-api/tests/test_admin_promocodes_edit_rules.py::test_patch_unused_all_fields_editable PASSED [  4%]
services/core-api/tests/test_admin_promocodes_edit_rules.py::test_patch_used_rejects_locked_field[payload0-code] PASSED [  4%]
services/core-api/tests/test_admin_promocodes_edit_rules.py::test_patch_used_rejects_locked_field[payload1-discount_type] PASSED [  4%]
services/core-api/tests/test_admin_promocodes_edit_rules.py::test_patch_used_rejects_locked_field[payload2-discount_value] PASSED [  4%]
services/core-api/tests/test_admin_promocodes_edit_rules.py::test_patch_used_accepts_valid_until PASSED [  4%]
services/core-api/tests/test_admin_promocodes_edit_rules.py::test_patch_used_accepts_is_active PASSED [  5%]
services/core-api/tests/test_admin_promocodes_edit_rules.py::test_patch_merged_dates_must_be_ordered PASSED [  5%]
services/core-api/tests/test_admin_promocodes_edit_rules.py::test_patch_failed_lock_leaves_row_unchanged PASSED [  5%]
services/core-api/tests/test_admin_promocodes_edit_rules.py::test_patch_rejects_barista PASSED [  5%]
services/core-api/tests/test_admin_promocodes_edit_rules.py::test_patch_unknown_id_returns_404 PASSED [  5%]
services/core-api/tests/test_admin_promocodes_lifecycle.py::test_compute_state_symbol_absent PASSED [  5%]
services/core-api/tests/test_admin_promocodes_lifecycle.py::test_compute_state_expired_beats_everything PASSED [  5%]
services/core-api/tests/test_admin_promocodes_lifecycle.py::test_compute_state_exhausted_when_not_expired PASSED [  5%]
services/core-api/tests/test_admin_promocodes_lifecycle.py::test_compute_state_active_happy PASSED [  5%]
services/core-api/tests/test_admin_promocodes_lifecycle.py::test_compute_state_inactive_when_is_active_false PASSED [  5%]
services/core-api/tests/test_admin_promocodes_lifecycle.py::test_compute_state_inactive_before_valid_from PASSED [  5%]
services/core-api/tests/test_admin_promocodes_lifecycle.py::test_activate_route_registered PASSED [  6%]
services/core-api/tests/test_admin_promocodes_lifecycle.py::test_activate_requires_valid_until PASSED [  6%]
services/core-api/tests/test_admin_promocodes_lifecycle.py::test_activate_expired_rejected PASSED [  6%]
services/core-api/tests/test_admin_promocodes_lifecycle.py::test_activate_exhausted_rejected PASSED [  6%]
services/core-api/tests/test_admin_promocodes_lifecycle.py::test_activate_happy_sets_is_active_true PASSED [  6%]
services/core-api/tests/test_admin_promocodes_lifecycle.py::test_activate_rejects_barista PASSED [  6%]
services/core-api/tests/test_admin_promocodes_lifecycle.py::test_activate_unknown_id_returns_404 PASSED [  6%]
services/core-api/tests/test_admin_promocodes_lifecycle.py::test_deactivate_route_registered PASSED [  6%]
services/core-api/tests/test_admin_promocodes_lifecycle.py::test_deactivate_expired_rejected PASSED [  6%]
services/core-api/tests/test_admin_promocodes_lifecycle.py::test_deactivate_happy_sets_is_active_false PASSED [  6%]
services/core-api/tests/test_admin_promocodes_lifecycle.py::test_deactivate_unknown_id_returns_404 PASSED [  6%]
services/core-api/tests/test_admin_promocodes_lifecycle.py::test_deactivate_rejects_customer PASSED [  7%]
services/core-api/tests/test_admin_promocodes_list.py::test_list_route_registered PASSED [  7%]
services/core-api/tests/test_admin_promocodes_list.py::test_list_default_state_all_returns_every_bucket PASSED [  7%]
services/core-api/tests/test_admin_promocodes_list.py::test_list_state_filter[active] PASSED [  7%]
services/core-api/tests/test_admin_promocodes_list.py::test_list_state_filter[expired] PASSED [  7%]
services/core-api/tests/test_admin_promocodes_list.py::test_list_state_filter[exhausted] PASSED [  7%]
services/core-api/tests/test_admin_promocodes_list.py::test_list_state_filter[inactive] PASSED [  7%]
services/core-api/tests/test_admin_promocodes_list.py::test_list_code_prefix_case_insensitive PASSED [  7%]
services/core-api/tests/test_admin_promocodes_list.py::test_list_per_page_over_100_rejected PASSED [  7%]
services/core-api/tests/test_admin_promocodes_list.py::test_list_sort_created_at_desc PASSED [  7%]
services/core-api/tests/test_admin_promocodes_list.py::test_list_total_count_after_filter PASSED [  7%]
services/core-api/tests/test_admin_promocodes_list.py::test_list_pagination_slice PASSED [  8%]
services/core-api/tests/test_admin_promocodes_list.py::test_list_rejects_barista PASSED [  8%]
services/core-api/tests/test_admin_promocodes_list.py::test_list_requires_token PASSED [  8%]
services/core-api/tests/test_admin_promocodes_rbac.py::test_rbac_matrix_rows_admin_only PASSED [  8%]
services/core-api/tests/test_admin_promocodes_rbac.py::test_rbac_none_of_six_routes_public PASSED [  8%]
services/core-api/tests/test_admin_promocodes_rbac.py::test_no_delete_route_registered PASSED [  8%]
services/core-api/tests/test_admin_promocodes_rbac.py::test_validators_promocode_module_unchanged_signature PASSED [  8%]
services/core-api/tests/test_admin_shop_settings_get.py::test_get_route_registered PASSED [  8%]
services/core-api/tests/test_admin_shop_settings_get.py::test_admin_get_returns_default_snapshot PASSED [  8%]
services/core-api/tests/test_admin_shop_settings_put.py::test_put_route_registered PASSED [  8%]
services/core-api/tests/test_admin_shop_settings_put.py::test_admin_put_updates_all_fields PASSED [  8%]
services/core-api/tests/test_admin_shop_settings_put.py::test_singleton_check_rejects_second_row PASSED [  9%]
services/core-api/tests/test_admin_shop_settings_rbac.py::test_rbac_matrix_admin_only PASSED [  9%]
services/core-api/tests/test_admin_shop_settings_rbac.py::test_rbac_routes_not_public PASSED [  9%]
services/core-api/tests/test_admin_shop_settings_rbac.py::test_get_forbidden_for_barista PASSED [  9%]
services/core-api/tests/test_admin_shop_settings_rbac.py::test_get_forbidden_for_courier PASSED [  9%]
services/core-api/tests/test_admin_shop_settings_rbac.py::test_get_forbidden_for_customer PASSED [  9%]
services/core-api/tests/test_admin_shop_settings_rbac.py::test_get_unauthorized_without_token PASSED [  9%]
services/core-api/tests/test_admin_shop_settings_rbac.py::test_put_forbidden_for_barista PASSED [  9%]
services/core-api/tests/test_admin_shop_settings_rbac.py::test_put_forbidden_for_courier PASSED [  9%]
services/core-api/tests/test_admin_shop_settings_rbac.py::test_put_forbidden_for_customer PASSED [  9%]
services/core-api/tests/test_admin_shop_settings_rbac.py::test_put_unauthorized_without_token PASSED [  9%]
services/core-api/tests/test_admin_shop_settings_validation.py::test_put_invalid_payload_returns_422[lat-91] PASSED [ 10%]
services/core-api/tests/test_admin_shop_settings_validation.py::test_put_invalid_payload_returns_422[lat-neg91] PASSED [ 10%]
services/core-api/tests/test_admin_shop_settings_validation.py::test_put_invalid_payload_returns_422[lon-181] PASSED [ 10%]
services/core-api/tests/test_admin_shop_settings_validation.py::test_put_invalid_payload_returns_422[lon-neg181] PASSED [ 10%]
services/core-api/tests/test_admin_shop_settings_validation.py::test_put_invalid_payload_returns_422[loyalty-101] PASSED [ 10%]
services/core-api/tests/test_admin_shop_settings_validation.py::test_put_invalid_payload_returns_422[loyalty-neg] PASSED [ 10%]
services/core-api/tests/test_admin_shop_settings_validation.py::test_put_invalid_payload_returns_422[free-threshold-below-min] PASSED [ 10%]
services/core-api/tests/test_admin_shop_settings_validation.py::test_put_invalid_payload_returns_422[auto-close-0] PASSED [ 10%]
services/core-api/tests/test_admin_shop_settings_validation.py::test_put_invalid_payload_returns_422[auto-close-1441] PASSED [ 10%]
services/core-api/tests/test_admin_shop_settings_validation.py::test_put_invalid_payload_returns_422[wh-missing-sun] PASSED [ 10%]
services/core-api/tests/test_admin_shop_settings_validation.py::test_put_invalid_payload_returns_422[wh-bad-time] PASSED [ 10%]
services/core-api/tests/test_admin_shop_settings_validation.py::test_put_invalid_payload_returns_422[wh-open-eq-close] PASSED [ 11%]
services/core-api/tests/test_admin_shop_settings_validation.py::test_working_hours_day_off_accepted PASSED [ 11%]
services/core-api/tests/test_admin_stats_popular.py::test_get_popular_items_symbol_absent PASSED [ 11%]
services/core-api/tests/test_admin_stats_popular.py::test_get_popular_items_same_snapshot_aggregates_to_one_row PASSED [ 11%]
services/core-api/tests/test_admin_stats_popular.py::test_get_popular_items_different_snapshots_produce_two_rows PASSED [ 11%]
services/core-api/tests/test_admin_stats_popular.py::test_get_popular_items_cancelled_excluded PASSED [ 11%]
services/core-api/tests/test_admin_stats_popular.py::test_get_popular_items_limits_to_ten_ordered_desc PASSED [ 11%]
services/core-api/tests/test_admin_stats_popular.py::test_get_popular_items_out_of_range_excluded PASSED [ 11%]
services/core-api/tests/test_admin_stats_range.py::test_compute_range_symbol_absent PASSED [ 11%]
services/core-api/tests/test_admin_stats_range.py::test_compute_range_today_starts_at_europe_moscow_midnight PASSED [ 11%]
services/core-api/tests/test_admin_stats_range.py::test_compute_range_today_end_is_now_utc PASSED [ 11%]
services/core-api/tests/test_admin_stats_range.py::test_compute_range_week_spans_seven_days PASSED [ 12%]
services/core-api/tests/test_admin_stats_range.py::test_compute_range_month_spans_thirty_days PASSED [ 12%]
services/core-api/tests/test_admin_stats_range.py::test_compute_range_returns_half_open_interval_with_start_lt_end[today] PASSED [ 12%]
services/core-api/tests/test_admin_stats_range.py::test_compute_range_returns_half_open_interval_with_start_lt_end[week] PASSED [ 12%]
services/core-api/tests/test_admin_stats_range.py::test_compute_range_returns_half_open_interval_with_start_lt_end[month] PASSED [ 12%]
services/core-api/tests/test_admin_stats_rbac.py::test_admin_stats_matrix_row_is_admin_only PASSED [ 12%]
services/core-api/tests/test_admin_stats_rbac.py::test_admin_stats_matrix_row_excludes_barista_courier_customer PASSED [ 12%]
services/core-api/tests/test_admin_stats_rbac.py::test_admin_stats_route_not_public PASSED [ 12%]
services/core-api/tests/test_admin_stats_rbac.py::test_admin_stats_requires_authorization PASSED [ 12%]
services/core-api/tests/test_admin_stats_rbac.py::test_admin_stats_rejects_barista PASSED [ 12%]
services/core-api/tests/test_admin_stats_rbac.py::test_admin_stats_rejects_courier PASSED [ 12%]
services/core-api/tests/test_admin_stats_rbac.py::test_admin_stats_rejects_customer PASSED [ 13%]
services/core-api/tests/test_admin_stats_rbac.py::test_admin_stats_rejects_unknown_range PASSED [ 13%]
services/core-api/tests/test_admin_stats_revenue.py::test_get_revenue_and_count_symbol_absent PASSED [ 13%]
services/core-api/tests/test_admin_stats_revenue.py::test_get_revenue_and_count_empty_range_returns_zeros PASSED [ 13%]
services/core-api/tests/test_admin_stats_revenue.py::test_get_revenue_and_count_sums_only_completed PASSED [ 13%]
services/core-api/tests/test_admin_stats_revenue.py::test_get_revenue_and_count_excludes_out_of_range_orders PASSED [ 13%]
services/core-api/tests/test_admin_stats_revenue.py::test_get_revenue_and_count_respects_half_open_interval PASSED [ 13%]
services/core-api/tests/test_admin_users_block.py::test_block_user_symbol_absent PASSED [ 13%]
services/core-api/tests/test_admin_users_block.py::test_invalid_user_state_error_symbol_absent PASSED [ 13%]
services/core-api/tests/test_admin_users_block.py::test_block_user_happy_path_with_three_active_orders PASSED [ 13%]
services/core-api/tests/test_admin_users_block.py::test_block_user_completed_and_cancelled_orders_are_not_touched PASSED [ 13%]
services/core-api/tests/test_admin_users_block.py::test_block_user_in_delivery_orders_are_skipped_silently PASSED [ 14%]
services/core-api/tests/test_admin_users_block.py::test_block_user_idempotent_when_already_blocked PASSED [ 14%]
services/core-api/tests/test_admin_users_block.py::test_block_user_pending_verification_raises_invalid_state PASSED [ 14%]
services/core-api/tests/test_admin_users_block.py::test_block_user_deleted_raises_invalid_state PASSED [ 14%]
services/core-api/tests/test_admin_users_block.py::test_block_user_tombstone_raises_invalid_state PASSED [ 14%]
services/core-api/tests/test_admin_users_block.py::test_block_user_route_registered PASSED [ 14%]
services/core-api/tests/test_admin_users_block.py::test_block_user_route_rejects_no_auth PASSED [ 14%]
services/core-api/tests/test_admin_users_block.py::test_block_user_route_rejects_barista PASSED [ 14%]
services/core-api/tests/test_admin_users_block.py::test_block_user_route_happy_path_returns_200_and_count PASSED [ 14%]
services/core-api/tests/test_admin_users_block.py::test_block_user_route_409_on_pending_verification PASSED [ 14%]
services/core-api/tests/test_admin_users_block.py::test_block_user_route_404_on_unknown_user_id PASSED [ 14%]
services/core-api/tests/test_admin_users_detail.py::test_get_user_detail_symbol_absent PASSED [ 15%]
services/core-api/tests/test_admin_users_detail.py::test_get_user_detail_user_not_found_error_symbol_absent PASSED [ 15%]
services/core-api/tests/test_admin_users_detail.py::test_get_user_detail_happy_path_returns_merged_shape PASSED [ 15%]
services/core-api/tests/test_admin_users_detail.py::test_get_user_detail_returns_last_20_loyalty_transactions_desc PASSED [ 15%]
services/core-api/tests/test_admin_users_detail.py::test_get_user_detail_tombstone_raises_user_not_found PASSED [ 15%]
services/core-api/tests/test_admin_users_detail.py::test_get_user_detail_unknown_id_raises_user_not_found PASSED [ 15%]
services/core-api/tests/test_admin_users_detail.py::test_get_user_detail_active_orders_count_excludes_completed_and_cancelled PASSED [ 15%]
services/core-api/tests/test_admin_users_detail.py::test_get_user_detail_response_has_no_phone_or_phone_hash_or_deleted_at_fields PASSED [ 15%]
services/core-api/tests/test_admin_users_detail.py::test_loyalty_transaction_item_omits_user_id_and_order_id PASSED [ 15%]
services/core-api/tests/test_admin_users_detail.py::test_admin_users_detail_rejects_no_auth PASSED [ 15%]
services/core-api/tests/test_admin_users_detail.py::test_admin_users_detail_rejects_non_admin_roles[barista_headers] PASSED [ 15%]
services/core-api/tests/test_admin_users_detail.py::test_admin_users_detail_rejects_non_admin_roles[courier_headers] PASSED [ 16%]
services/core-api/tests/test_admin_users_detail.py::test_admin_users_detail_rejects_non_admin_roles[customer_headers] PASSED [ 16%]
services/core-api/tests/test_admin_users_detail.py::test_admin_users_detail_route_registered PASSED [ 16%]
services/core-api/tests/test_admin_users_list.py::test_list_users_symbol_absent PASSED [ 16%]
services/core-api/tests/test_admin_users_list.py::test_list_users_status_all_includes_every_status_and_tombstones PASSED [ 16%]
services/core-api/tests/test_admin_users_list.py::test_list_users_status_active_excludes_tombstones PASSED [ 16%]
services/core-api/tests/test_admin_users_list.py::test_list_users_status_blocked_filters_exact PASSED [ 16%]
services/core-api/tests/test_admin_users_list.py::test_list_users_status_pending_verification_filters_exact PASSED [ 16%]
services/core-api/tests/test_admin_users_list.py::test_list_users_status_deleted_returns_deleted_and_tombstones PASSED [ 16%]
services/core-api/tests/test_admin_users_list.py::test_list_users_search_prefix_matches_display_name_case_insensitively PASSED [ 16%]
services/core-api/tests/test_admin_users_list.py::test_list_users_search_does_not_match_phone_hash_fragment PASSED [ 16%]
services/core-api/tests/test_admin_users_list.py::test_list_users_pagination_page_2_slices_rows_and_reports_total PASSED [ 17%]
services/core-api/tests/test_admin_users_list.py::test_list_users_sort_is_created_at_desc PASSED [ 17%]
services/core-api/tests/test_admin_users_list.py::test_list_users_loyalty_balance_coalesces_to_zero_when_account_absent PASSED [ 17%]
services/core-api/tests/test_admin_users_list.py::test_list_users_summary_has_no_phone_or_phone_hash_fields PASSED [ 17%]
services/core-api/tests/test_admin_users_list.py::test_admin_users_list_rejects_no_auth_route_level PASSED [ 17%]
services/core-api/tests/test_admin_users_list.py::test_admin_users_list_rejects_barista PASSED [ 17%]
services/core-api/tests/test_admin_users_list.py::test_admin_users_list_rejects_courier PASSED [ 17%]
services/core-api/tests/test_admin_users_list.py::test_admin_users_list_rejects_customer PASSED [ 17%]
services/core-api/tests/test_admin_users_list.py::test_admin_users_list_route_registered PASSED [ 17%]
services/core-api/tests/test_admin_users_loyalty_adjust.py::test_adjust_loyalty_symbol_absent PASSED [ 17%]
services/core-api/tests/test_admin_users_loyalty_adjust.py::test_insufficient_balance_error_symbol_absent PASSED [ 17%]
services/core-api/tests/test_admin_users_loyalty_adjust.py::test_adjust_loyalty_positive_delta_credits_and_creates_admin_adjustment_transaction PASSED [ 18%]
services/core-api/tests/test_admin_users_loyalty_adjust.py::test_adjust_loyalty_negative_delta_debits_balance PASSED [ 18%]
services/core-api/tests/test_admin_users_loyalty_adjust.py::test_adjust_loyalty_insufficient_balance_raises_and_rolls_back PASSED [ 18%]
services/core-api/tests/test_admin_users_loyalty_adjust.py::test_adjust_loyalty_blocked_user_is_accepted PASSED [ 18%]
services/core-api/tests/test_admin_users_loyalty_adjust.py::test_adjust_loyalty_pending_verification_raises_invalid_state PASSED [ 18%]
services/core-api/tests/test_admin_users_loyalty_adjust.py::test_adjust_loyalty_deleted_raises_invalid_state PASSED [ 18%]
services/core-api/tests/test_admin_users_loyalty_adjust.py::test_adjust_loyalty_tombstone_raises_invalid_state PASSED [ 18%]
services/core-api/tests/test_admin_users_loyalty_adjust.py::test_adjust_loyalty_schema_rejects_delta_zero PASSED [ 18%]
services/core-api/tests/test_admin_users_loyalty_adjust.py::test_adjust_loyalty_schema_rejects_empty_reason PASSED [ 18%]
services/core-api/tests/test_admin_users_loyalty_adjust.py::test_adjust_loyalty_schema_rejects_reason_longer_than_500 PASSED [ 18%]
services/core-api/tests/test_admin_users_loyalty_adjust.py::test_adjust_loyalty_route_registered PASSED [ 18%]
services/core-api/tests/test_admin_users_loyalty_adjust.py::test_adjust_loyalty_route_rejects_no_auth PASSED [ 19%]
services/core-api/tests/test_admin_users_loyalty_adjust.py::test_adjust_loyalty_route_rejects_non_admin_roles[barista_headers] PASSED [ 19%]
services/core-api/tests/test_admin_users_loyalty_adjust.py::test_adjust_loyalty_route_rejects_non_admin_roles[courier_headers] PASSED [ 19%]
services/core-api/tests/test_admin_users_loyalty_adjust.py::test_adjust_loyalty_route_rejects_non_admin_roles[customer_headers] PASSED [ 19%]
services/core-api/tests/test_admin_users_loyalty_adjust.py::test_adjust_loyalty_route_happy_path_returns_200 PASSED [ 19%]
services/core-api/tests/test_admin_users_loyalty_adjust.py::test_adjust_loyalty_route_422_on_delta_zero PASSED [ 19%]
services/core-api/tests/test_admin_users_loyalty_adjust.py::test_adjust_loyalty_route_422_on_empty_reason PASSED [ 19%]
services/core-api/tests/test_admin_users_loyalty_adjust.py::test_adjust_loyalty_route_422_on_long_reason PASSED [ 19%]
services/core-api/tests/test_admin_users_loyalty_adjust.py::test_adjust_loyalty_route_422_on_insufficient_balance PASSED [ 19%]
services/core-api/tests/test_admin_users_loyalty_adjust.py::test_adjust_loyalty_route_409_on_deleted_user PASSED [ 19%]
services/core-api/tests/test_admin_users_rbac.py::test_admin_users_list_row_is_admin_only PASSED [ 20%]
services/core-api/tests/test_admin_users_rbac.py::test_admin_users_detail_row_is_admin_only PASSED [ 20%]
services/core-api/tests/test_admin_users_rbac.py::test_admin_users_block_row_is_admin_only PASSED [ 20%]
services/core-api/tests/test_admin_users_rbac.py::test_admin_users_unblock_row_is_admin_only PASSED [ 20%]
services/core-api/tests/test_admin_users_rbac.py::test_admin_users_loyalty_adjust_row_is_admin_only PASSED [ 20%]
services/core-api/tests/test_admin_users_rbac.py::test_admin_users_routes_not_public PASSED [ 20%]
services/core-api/tests/test_admin_users_rbac.py::test_existing_customer_profile_row_untouched PASSED [ 20%]
services/core-api/tests/test_admin_users_rbac.py::test_existing_customer_profile_loyalty_row_untouched PASSED [ 20%]
services/core-api/tests/test_admin_users_unblock.py::test_unblock_user_symbol_absent PASSED [ 20%]
services/core-api/tests/test_admin_users_unblock.py::test_unblock_user_happy_path_flips_to_active PASSED [ 20%]
services/core-api/tests/test_admin_users_unblock.py::test_unblock_user_idempotent_when_active PASSED [ 20%]
services/core-api/tests/test_admin_users_unblock.py::test_unblock_user_pending_verification_raises_invalid_state PASSED [ 21%]
services/core-api/tests/test_admin_users_unblock.py::test_unblock_user_deleted_raises_invalid_state PASSED [ 21%]
services/core-api/tests/test_admin_users_unblock.py::test_unblock_user_tombstone_raises_invalid_state PASSED [ 21%]
services/core-api/tests/test_admin_users_unblock.py::test_unblock_user_does_not_resurrect_cancelled_orders PASSED [ 21%]
services/core-api/tests/test_admin_users_unblock.py::test_unblock_user_route_registered PASSED [ 21%]
services/core-api/tests/test_admin_users_unblock.py::test_unblock_user_route_rejects_no_auth PASSED [ 21%]
services/core-api/tests/test_admin_users_unblock.py::test_unblock_user_route_rejects_customer PASSED [ 21%]
services/core-api/tests/test_admin_users_unblock.py::test_unblock_user_route_happy_path_returns_200 PASSED [ 21%]
services/core-api/tests/test_admin_users_unblock.py::test_unblock_user_route_409_on_pending_verification PASSED [ 21%]
services/core-api/tests/test_admin_users_unblock.py::test_unblock_user_route_404_on_unknown_user_id PASSED [ 21%]
services/core-api/tests/test_auth_endpoints.py::TestSendCode::test_invalid_phone PASSED [ 21%]
services/core-api/tests/test_auth_endpoints.py::TestVerifyCode::test_invalid_phone PASSED [ 22%]
services/core-api/tests/test_auth_endpoints.py::TestRefresh::test_invalid_token PASSED [ 22%]
services/core-api/tests/test_auth_endpoints.py::TestLogout::test_unauthenticated PASSED [ 22%]
services/core-api/tests/test_cart_fixture_smoke.py::test_cart_redis_fixture_is_fakeredis PASSED [ 22%]
services/core-api/tests/test_cart_service.py::test_cart_service_importable_with_expected_methods PASSED [ 22%]
services/core-api/tests/test_cart_service.py::test_cart_service_constructor_takes_session_and_redis PASSED [ 22%]
services/core-api/tests/test_cart_service.py::test_cart_validation_error_exception_exists PASSED [ 22%]
services/core-api/tests/test_cart_service.py::test_get_returns_empty_cart_when_no_key PASSED [ 22%]
services/core-api/tests/test_cart_service.py::test_get_hydrates_line_with_fresh_prices PASSED [ 22%]
services/core-api/tests/test_cart_service.py::test_get_reflects_updated_menu_price PASSED [ 22%]
services/core-api/tests/test_cart_service.py::test_get_refreshes_ttl_on_read PASSED [ 22%]
services/core-api/tests/test_cart_service.py::test_get_surfaces_stop_listed_item_without_removing PASSED [ 23%]
services/core-api/tests/test_cart_service.py::test_get_surfaces_archived_item_as_archived PASSED [ 23%]
services/core-api/tests/test_cart_service.py::test_add_item_creates_new_line PASSED [ 23%]
services/core-api/tests/test_cart_service.py::test_add_item_persists_no_prices_in_redis PASSED [ 23%]
services/core-api/tests/test_cart_service.py::test_add_item_sets_ttl_atomically PASSED [ 23%]
services/core-api/tests/test_cart_service.py::test_add_item_merges_into_existing_line_same_shape PASSED [ 23%]
services/core-api/tests/test_cart_service.py::test_add_item_merges_ignoring_modifier_order PASSED [ 23%]
services/core-api/tests/test_cart_service.py::test_add_item_rejects_stop_listed_menu_item PASSED [ 23%]
services/core-api/tests/test_cart_service.py::test_add_item_rejects_archived_menu_item PASSED [ 23%]
services/core-api/tests/test_cart_service.py::test_add_item_rejects_stop_listed_size_option PASSED [ 23%]
services/core-api/tests/test_cart_service.py::test_add_item_rejects_stop_listed_modifier PASSED [ 23%]
services/core-api/tests/test_cart_service.py::test_add_item_rejects_size_from_different_menu_item PASSED [ 24%]
services/core-api/tests/test_cart_service.py::test_add_item_rejects_modifier_not_linked_to_menu_item PASSED [ 24%]
services/core-api/tests/test_cart_service.py::test_add_item_rejects_unknown_menu_item_id PASSED [ 24%]
services/core-api/tests/test_cart_service.py::test_add_item_rejects_merge_exceeding_cap PASSED [ 24%]
services/core-api/tests/test_cart_service.py::test_add_item_no_partial_write_on_rejection PASSED [ 24%]
services/core-api/tests/test_cart_service.py::test_update_item_changes_quantity PASSED [ 24%]
services/core-api/tests/test_cart_service.py::test_update_item_recomputes_line_id_when_modifiers_change PASSED [ 24%]
services/core-api/tests/test_cart_service.py::test_update_item_rejects_unknown_line_id PASSED [ 24%]
services/core-api/tests/test_cart_service.py::test_update_item_rejects_stop_listed_target_state PASSED [ 24%]
services/core-api/tests/test_cart_service.py::test_update_item_refreshes_ttl PASSED [ 24%]
services/core-api/tests/test_cart_service.py::test_update_item_quantity_changes_only_quantity PASSED [ 24%]
services/core-api/tests/test_cart_service.py::test_update_item_quantity_rejects_unknown_line_id PASSED [ 25%]
services/core-api/tests/test_cart_service.py::test_update_item_quantity_rejects_stop_listed PASSED [ 25%]
services/core-api/tests/test_cart_service.py::test_delete_item_removes_one_line PASSED [ 25%]
services/core-api/tests/test_cart_service.py::test_delete_item_rejects_unknown_line_id PASSED [ 25%]
services/core-api/tests/test_cart_service.py::test_delete_last_item_yields_empty_cart_read PASSED [ 25%]
services/core-api/tests/test_cart_service.py::test_clear_deletes_redis_key PASSED [ 25%]
services/core-api/tests/test_cart_service.py::test_clear_is_idempotent_on_empty PASSED [ 25%]
services/core-api/tests/test_cart_service.py::test_add_item_concurrent_modification_retries PASSED [ 25%]
services/core-api/tests/test_celery_beat_schedule.py::test_beat_schedule_has_pickup_autoclose_entry PASSED [ 25%]
services/core-api/tests/test_celery_beat_schedule.py::test_beat_schedule_entry_points_to_task_with_60s_interval PASSED [ 25%]
services/core-api/tests/test_checkout_delivery_address_id.py::test_create_order_request_accepts_delivery_address_id PASSED [ 25%]
services/core-api/tests/test_checkout_delivery_address_id.py::test_create_order_request_accepts_inline_delivery_address_legacy_path PASSED [ 26%]
services/core-api/tests/test_checkout_delivery_address_id.py::test_create_order_request_both_set_raises_validation_error PASSED [ 26%]
services/core-api/tests/test_checkout_delivery_address_id.py::test_create_order_request_neither_set_for_delivery_raises PASSED [ 26%]
services/core-api/tests/test_checkout_delivery_address_id.py::test_create_order_request_pickup_without_address_is_valid PASSED [ 26%]
services/core-api/tests/test_checkout_delivery_address_id.py::test_post_orders_rejects_both_delivery_fields_with_422 PASSED [ 26%]
services/core-api/tests/test_checkout_delivery_address_id.py::test_post_orders_rejects_neither_delivery_field_with_422 PASSED [ 26%]
services/core-api/tests/test_checkout_delivery_address_id.py::test_checkout_loads_saved_address_when_id_provided PASSED [ 26%]
services/core-api/tests/test_checkout_delivery_address_id.py::test_checkout_foreign_address_id_returns_404 PASSED [ 26%]
services/core-api/tests/test_checkout_delivery_address_id.py::test_checkout_unknown_address_id_returns_404 PASSED [ 26%]
services/core-api/tests/test_checkout_delivery_address_id.py::test_checkout_does_not_call_geocoder_when_address_id_provided PASSED [ 26%]
services/core-api/tests/test_checkout_delivery_address_id.py::test_checkout_snapshots_saved_address_into_order_jsonb PASSED [ 26%]
services/core-api/tests/test_checkout_delivery_address_id.py::test_checkout_snapshot_byte_identical_after_saved_address_deleted PASSED [ 27%]
services/core-api/tests/test_checkout_delivery_address_id.py::test_checkout_snapshot_shape_matches_inline_path PASSED [ 27%]
services/core-api/tests/test_checkout_delivery_address_id.py::test_checkout_calls_validate_delivery_address_on_saved_path PASSED [ 27%]
services/core-api/tests/test_checkout_delivery_address_id.py::test_checkout_calls_validate_delivery_address_on_inline_path PASSED [ 27%]
services/core-api/tests/test_checkout_delivery_address_id.py::test_checkout_rejects_saved_address_now_outside_radius PASSED [ 27%]
services/core-api/tests/test_checkout_delivery_address_id.py::test_checkout_haversine_uses_saved_row_coords_not_request_body PASSED [ 27%]
services/core-api/tests/test_checkout_service.py::test_checkout_service_module_importable PASSED [ 27%]
services/core-api/tests/test_checkout_service.py::test_create_order_rejects_empty_cart PASSED [ 27%]
services/core-api/tests/test_checkout_service.py::test_create_order_rejects_cart_with_zero_items PASSED [ 27%]
services/core-api/tests/test_checkout_service.py::test_create_order_calls_stop_list_validator PASSED [ 27%]
services/core-api/tests/test_checkout_service.py::test_create_order_calls_time_slot_validator_before_pricing PASSED [ 27%]
services/core-api/tests/test_checkout_service.py::test_create_order_does_not_call_delivery_validators_for_pickup PASSED [ 28%]
services/core-api/tests/test_checkout_service.py::test_create_order_does_not_call_promocode_validator_when_code_absent PASSED [ 28%]
services/core-api/tests/test_checkout_service.py::test_create_order_validator_failure_raises_before_db_writes PASSED [ 28%]
services/core-api/tests/test_checkout_service.py::test_create_order_delivery_calls_delivery_validators PASSED [ 28%]
services/core-api/tests/test_checkout_service.py::test_create_order_delivery_calls_delivery_validators_before_pricing PASSED [ 28%]
services/core-api/tests/test_checkout_service.py::test_create_order_promocode_validator_called_when_code_provided PASSED [ 28%]
services/core-api/tests/test_checkout_service.py::test_create_order_pricing_chain_order PASSED [ 28%]
services/core-api/tests/test_checkout_service.py::test_create_order_pricing_delivery_includes_delivery_fee PASSED [ 28%]
services/core-api/tests/test_checkout_service.py::test_create_order_pricing_uses_fresh_prices_from_db PASSED [ 28%]
services/core-api/tests/test_checkout_service.py::test_create_order_inserts_order_row_with_status_created PASSED [ 28%]
services/core-api/tests/test_checkout_service.py::test_create_order_inserts_order_items_with_snapshots PASSED [ 28%]
services/core-api/tests/test_checkout_service.py::test_create_order_item_stores_menu_item_id_as_reference_not_fk PASSED [ 29%]
services/core-api/tests/test_checkout_service.py::test_create_order_inserts_payment_with_pending_status_and_idempotency_key PASSED [ 29%]
services/core-api/tests/test_checkout_service.py::test_create_order_payment_amount_matches_order_total PASSED [ 29%]
services/core-api/tests/test_checkout_service.py::test_create_order_order_items_count_matches_cart_lines PASSED [ 29%]
services/core-api/tests/test_checkout_service.py::test_create_order_with_loyalty_points_creates_reservation_transaction PASSED [ 29%]
services/core-api/tests/test_checkout_service.py::test_create_order_with_loyalty_points_debits_account_balance PASSED [ 29%]
services/core-api/tests/test_checkout_service.py::test_create_order_records_points_used_in_order_row PASSED [ 29%]
services/core-api/tests/test_checkout_service.py::test_create_order_without_points_skips_loyalty_transaction PASSED [ 29%]
services/core-api/tests/test_checkout_service.py::test_create_order_with_promocode_increments_current_uses PASSED [ 29%]
services/core-api/tests/test_checkout_service.py::test_create_order_with_promocode_inserts_promocode_usage_row PASSED [ 29%]
services/core-api/tests/test_checkout_service.py::test_create_order_without_promocode_skips_promocode_usage PASSED [ 29%]
services/core-api/tests/test_checkout_service.py::test_create_order_stores_discount_amount_on_order PASSED [ 30%]
services/core-api/tests/test_checkout_service.py::test_create_order_total_zero_commits_order_as_paid PASSED [ 30%]
services/core-api/tests/test_checkout_service.py::test_create_order_total_zero_creates_loyalty_transaction_as_redemption PASSED [ 30%]
services/core-api/tests/test_checkout_service.py::test_create_order_total_zero_deletes_cart_from_redis PASSED [ 30%]
services/core-api/tests/test_checkout_service.py::test_create_order_total_zero_does_not_enqueue_celery_task PASSED [ 30%]
services/core-api/tests/test_checkout_service.py::test_create_order_total_zero_payment_row_has_amount_zero PASSED [ 30%]
services/core-api/tests/test_checkout_service.py::test_create_order_total_positive_enqueues_celery_task PASSED [ 30%]
services/core-api/tests/test_checkout_service.py::test_create_order_total_positive_leaves_cart_in_redis PASSED [ 30%]
services/core-api/tests/test_checkout_service.py::test_create_order_total_positive_returns_created_status PASSED [ 30%]
services/core-api/tests/test_checkout_service.py::test_create_order_enqueues_after_db_commit PASSED [ 30%]
services/core-api/tests/test_courier_endpoints.py::test_courier_router_module_exists PASSED [ 30%]
services/core-api/tests/test_courier_endpoints.py::test_main_registers_courier_router PASSED [ 31%]
services/core-api/tests/test_courier_endpoints.py::test_rbac_matrix_has_courier_entries PASSED [ 31%]
services/core-api/tests/test_courier_endpoints.py::test_available_endpoint_rejects_non_courier_with_403[customer] PASSED [ 31%]
services/core-api/tests/test_courier_endpoints.py::test_available_endpoint_rejects_non_courier_with_403[barista] PASSED [ 31%]
services/core-api/tests/test_courier_endpoints.py::test_available_endpoint_rejects_non_courier_with_403[admin] PASSED [ 31%]
services/core-api/tests/test_courier_endpoints.py::test_mine_endpoint_rejects_non_courier_with_403[customer] PASSED [ 31%]
services/core-api/tests/test_courier_endpoints.py::test_mine_endpoint_rejects_non_courier_with_403[barista] PASSED [ 31%]
services/core-api/tests/test_courier_endpoints.py::test_mine_endpoint_rejects_non_courier_with_403[admin] PASSED [ 31%]
services/core-api/tests/test_courier_endpoints.py::test_take_endpoint_rejects_non_courier_with_403[customer] PASSED [ 31%]
services/core-api/tests/test_courier_endpoints.py::test_take_endpoint_rejects_non_courier_with_403[barista] PASSED [ 31%]
services/core-api/tests/test_courier_endpoints.py::test_take_endpoint_rejects_non_courier_with_403[admin] PASSED [ 31%]
services/core-api/tests/test_courier_endpoints.py::test_pickup_endpoint_rejects_non_courier_with_403[customer] PASSED [ 32%]
services/core-api/tests/test_courier_endpoints.py::test_pickup_endpoint_rejects_non_courier_with_403[barista] PASSED [ 32%]
services/core-api/tests/test_courier_endpoints.py::test_pickup_endpoint_rejects_non_courier_with_403[admin] PASSED [ 32%]
services/core-api/tests/test_courier_endpoints.py::test_deliver_endpoint_rejects_non_courier_with_403[customer] PASSED [ 32%]
services/core-api/tests/test_courier_endpoints.py::test_deliver_endpoint_rejects_non_courier_with_403[barista] PASSED [ 32%]
services/core-api/tests/test_courier_endpoints.py::test_deliver_endpoint_rejects_non_courier_with_403[admin] PASSED [ 32%]
services/core-api/tests/test_courier_endpoints.py::test_take_endpoint_forwards_already_taken_as_409 PASSED [ 32%]
services/core-api/tests/test_courier_endpoints.py::test_pickup_endpoint_forwards_not_owner_as_403 PASSED [ 32%]
services/core-api/tests/test_courier_endpoints.py::test_deliver_endpoint_forwards_forbidden_transition_as_409 PASSED [ 32%]
services/core-api/tests/test_courier_endpoints.py::test_assignment_not_found_returns_404 PASSED [ 32%]
services/core-api/tests/test_courier_endpoints.py::test_available_endpoint_returns_json_list PASSED [ 32%]
services/core-api/tests/test_crypto.py::TestHashPhone::test_deterministic PASSED [ 33%]
services/core-api/tests/test_crypto.py::TestHashPhone::test_hex_64_chars PASSED [ 33%]
services/core-api/tests/test_crypto.py::TestHashPhone::test_different_phones_different_hashes PASSED [ 33%]
services/core-api/tests/test_crypto.py::TestEncryptDecryptPhone::test_roundtrip PASSED [ 33%]
services/core-api/tests/test_crypto.py::TestEncryptDecryptPhone::test_unique_nonces PASSED [ 33%]
services/core-api/tests/test_crypto.py::TestEncryptDecryptPhone::test_nonce_is_12_bytes_prefix PASSED [ 33%]
services/core-api/tests/test_delivery_addresses_api.py::test_delivery_address_model_importable PASSED [ 33%]
services/core-api/tests/test_delivery_addresses_api.py::test_delivery_address_model_has_user_cascade_delete PASSED [ 33%]
services/core-api/tests/test_delivery_addresses_api.py::test_delivery_address_has_partial_unique_default_index PASSED [ 33%]
services/core-api/tests/test_delivery_addresses_api.py::test_delivery_addresses_router_is_mounted PASSED [ 33%]
services/core-api/tests/test_delivery_addresses_api.py::test_delivery_addresses_rbac_matrix_entries PASSED [ 33%]
services/core-api/tests/test_delivery_addresses_api.py::test_delivery_addresses_not_in_public_routes PASSED [ 34%]
services/core-api/tests/test_delivery_addresses_api.py::test_list_addresses_requires_auth PASSED [ 34%]
services/core-api/tests/test_delivery_addresses_api.py::test_list_addresses_forbidden_for_staff PASSED [ 34%]
services/core-api/tests/test_delivery_addresses_api.py::test_create_address_requires_auth PASSED [ 34%]
services/core-api/tests/test_delivery_addresses_api.py::test_create_address_forbidden_for_staff PASSED [ 34%]
services/core-api/tests/test_delivery_addresses_api.py::test_patch_address_requires_auth PASSED [ 34%]
services/core-api/tests/test_delivery_addresses_api.py::test_patch_address_forbidden_for_staff PASSED [ 34%]
services/core-api/tests/test_delivery_addresses_api.py::test_delete_address_requires_auth PASSED [ 34%]
services/core-api/tests/test_delivery_addresses_api.py::test_delete_address_forbidden_for_staff PASSED [ 34%]
services/core-api/tests/test_delivery_addresses_api.py::test_list_addresses_empty_returns_200_with_empty_list PASSED [ 34%]
services/core-api/tests/test_delivery_addresses_api.py::test_list_addresses_returns_own_rows_only PASSED [ 34%]
services/core-api/tests/test_delivery_addresses_api.py::test_list_addresses_default_first_then_created_asc PASSED [ 35%]
services/core-api/tests/test_delivery_addresses_api.py::test_create_address_happy_path_returns_201 PASSED [ 35%]
services/core-api/tests/test_delivery_addresses_api.py::test_create_address_rejects_out_of_radius_with_422 PASSED [ 35%]
services/core-api/tests/test_delivery_addresses_api.py::test_create_address_rejects_missing_fields_with_422 PASSED [ 35%]
services/core-api/tests/test_delivery_addresses_api.py::test_create_address_persists_optional_fields PASSED [ 35%]
services/core-api/tests/test_delivery_addresses_api.py::test_create_address_first_for_user_not_automatically_default PASSED [ 35%]
services/core-api/tests/test_delivery_addresses_api.py::test_create_address_with_is_default_true_persists_flag PASSED [ 35%]
services/core-api/tests/test_delivery_addresses_api.py::test_patch_address_updates_label PASSED [ 35%]
services/core-api/tests/test_delivery_addresses_api.py::test_patch_address_updates_optional_fields PASSED [ 35%]
services/core-api/tests/test_delivery_addresses_api.py::test_patch_is_default_true_demotes_previous_default PASSED [ 35%]
services/core-api/tests/test_delivery_addresses_api.py::test_patch_is_default_false_does_not_touch_other_rows PASSED [ 35%]
services/core-api/tests/test_delivery_addresses_api.py::test_patch_foreign_address_returns_404 PASSED [ 36%]
services/core-api/tests/test_delivery_addresses_api.py::test_patch_unknown_address_returns_404 PASSED [ 36%]
services/core-api/tests/test_delivery_addresses_api.py::test_patch_returns_updated_body PASSED [ 36%]
services/core-api/tests/test_delivery_addresses_api.py::test_delete_own_address_returns_204 PASSED [ 36%]
services/core-api/tests/test_delivery_addresses_api.py::test_delete_foreign_address_returns_404_and_row_persists PASSED [ 36%]
services/core-api/tests/test_delivery_addresses_api.py::test_delete_unknown_address_returns_404 PASSED [ 36%]
services/core-api/tests/test_delivery_addresses_api.py::test_delete_does_not_mutate_past_order_snapshot PASSED [ 36%]
services/core-api/tests/test_delivery_assignment_bridge.py::test_transition_order_bridge_exists PASSED [ 36%]
services/core-api/tests/test_delivery_assignment_bridge.py::test_paid_to_preparing_delivery_creates_awaiting_assignment PASSED [ 36%]
services/core-api/tests/test_delivery_assignment_bridge.py::test_paid_to_preparing_pickup_does_not_create_assignment PASSED [ 36%]
services/core-api/tests/test_delivery_assignment_bridge.py::test_pickup_assignment_transitions_order_to_in_delivery PASSED [ 36%]
services/core-api/tests/test_delivery_assignment_bridge.py::test_deliver_assignment_transitions_order_to_completed_and_accrues_loyalty PASSED [ 37%]
services/core-api/tests/test_delivery_assignment_bridge.py::test_pickup_rolls_back_if_order_transition_fails PASSED [ 37%]
services/core-api/tests/test_delivery_assignment_bridge.py::test_deliver_rolls_back_if_accrual_fails PASSED [ 37%]
services/core-api/tests/test_delivery_assignment_bridge.py::test_cancel_assignment_for_order_integrates_with_order_cancel PASSED [ 37%]
services/core-api/tests/test_delivery_assignment_optimistic_lock.py::test_optimistic_lock_module_exists PASSED [ 37%]
services/core-api/tests/test_delivery_assignment_optimistic_lock.py::test_two_couriers_race_one_wins PASSED [ 37%]
services/core-api/tests/test_delivery_assignment_state_machine.py::test_delivery_assignment_module_exists PASSED [ 37%]
services/core-api/tests/test_delivery_assignment_state_machine.py::test_take_assignment_awaiting_to_assigned_happy_path PASSED [ 37%]
services/core-api/tests/test_delivery_assignment_state_machine.py::test_pickup_assignment_assigned_to_picked_up_happy_path PASSED [ 37%]
services/core-api/tests/test_delivery_assignment_state_machine.py::test_deliver_assignment_picked_up_to_delivered_happy_path PASSED [ 37%]
services/core-api/tests/test_delivery_assignment_state_machine.py::test_cancel_assignment_for_order_awaiting_to_cancelled PASSED [ 37%]
services/core-api/tests/test_delivery_assignment_state_machine.py::test_cancel_assignment_for_order_assigned_to_cancelled PASSED [ 38%]
services/core-api/tests/test_delivery_assignment_state_machine.py::test_cancel_assignment_for_order_picked_up_is_noop PASSED [ 38%]
services/core-api/tests/test_delivery_assignment_state_machine.py::test_cancel_assignment_for_order_when_no_assignment_returns_none PASSED [ 38%]
services/core-api/tests/test_delivery_assignment_state_machine.py::test_take_assignment_on_non_awaiting_raises_forbidden_transition[courier_assigned] PASSED [ 38%]
services/core-api/tests/test_delivery_assignment_state_machine.py::test_take_assignment_on_non_awaiting_raises_forbidden_transition[picked_up] PASSED [ 38%]
services/core-api/tests/test_delivery_assignment_state_machine.py::test_take_assignment_on_non_awaiting_raises_forbidden_transition[delivered] PASSED [ 38%]
services/core-api/tests/test_delivery_assignment_state_machine.py::test_take_assignment_on_non_awaiting_raises_forbidden_transition[cancelled] PASSED [ 38%]
services/core-api/tests/test_delivery_assignment_state_machine.py::test_forbidden_pickup_transitions[awaiting_courier] PASSED [ 38%]
services/core-api/tests/test_delivery_assignment_state_machine.py::test_forbidden_pickup_transitions[picked_up] PASSED [ 38%]
services/core-api/tests/test_delivery_assignment_state_machine.py::test_forbidden_pickup_transitions[delivered] PASSED [ 38%]
services/core-api/tests/test_delivery_assignment_state_machine.py::test_forbidden_pickup_transitions[cancelled] PASSED [ 38%]
services/core-api/tests/test_delivery_assignment_state_machine.py::test_forbidden_deliver_transitions[awaiting_courier] PASSED [ 39%]
services/core-api/tests/test_delivery_assignment_state_machine.py::test_forbidden_deliver_transitions[courier_assigned] PASSED [ 39%]
services/core-api/tests/test_delivery_assignment_state_machine.py::test_forbidden_deliver_transitions[delivered] PASSED [ 39%]
services/core-api/tests/test_delivery_assignment_state_machine.py::test_forbidden_deliver_transitions[cancelled] PASSED [ 39%]
services/core-api/tests/test_delivery_assignment_state_machine.py::test_pickup_ownership_mismatch_raises_not_owner PASSED [ 39%]
services/core-api/tests/test_delivery_assignment_state_machine.py::test_deliver_ownership_mismatch_raises_not_owner PASSED [ 39%]
services/core-api/tests/test_delivery_assignment_state_machine.py::test_pickup_requires_order_ready[paid] PASSED [ 39%]
services/core-api/tests/test_delivery_assignment_state_machine.py::test_pickup_requires_order_ready[preparing] PASSED [ 39%]
services/core-api/tests/test_delivery_assignment_state_machine.py::test_pickup_requires_order_ready[in_delivery] PASSED [ 39%]
services/core-api/tests/test_delivery_assignment_state_machine.py::test_assignment_not_found_raises PASSED [ 39%]
services/core-api/tests/test_delivery_assignment_state_machine.py::test_list_available_for_courier_returns_only_awaiting FAILED [ 40%]
services/core-api/tests/test_health.py::test_health_returns_ok PASSED    [ 40%]
services/core-api/tests/test_health.py::test_health_includes_yukassa_backend PASSED [ 40%]
services/core-api/tests/test_jwt.py::TestJWT::test_create_and_decode PASSED [ 40%]
services/core-api/tests/test_jwt.py::TestJWT::test_expired_token PASSED  [ 40%]
services/core-api/tests/test_jwt.py::TestJWT::test_invalid_signature PASSED [ 40%]
services/core-api/tests/test_main_includes_maps_router.py::test_main_registers_yandex_maps_router PASSED [ 40%]
services/core-api/tests/test_main_includes_menu_routers.py::test_main_registers_three_new_routers PASSED [ 40%]
services/core-api/tests/test_main_includes_menu_routers.py::test_main_include_router_call_count FAILED [ 40%]
services/core-api/tests/test_menu_admin.py::test_availability_patch_schema_exists PASSED [ 40%]
services/core-api/tests/test_menu_admin.py::test_availability_patch_rejects_extra_fields PASSED [ 40%]
services/core-api/tests/test_menu_admin.py::test_menu_admin_service_importable PASSED [ 41%]
services/core-api/tests/test_menu_admin.py::test_menu_admin_service_has_required_methods PASSED [ 41%]
services/core-api/tests/test_menu_admin.py::test_menu_admin_router_has_no_direct_db_calls PASSED [ 41%]
services/core-api/tests/test_menu_admin.py::test_admin_creates_category PASSED [ 41%]
services/core-api/tests/test_menu_admin.py::test_admin_updates_category PASSED [ 41%]
services/core-api/tests/test_menu_admin.py::test_admin_lists_categories_returns_seeded_rows PASSED [ 41%]
services/core-api/tests/test_menu_admin.py::test_barista_lists_categories_allowed PASSED [ 41%]
services/core-api/tests/test_menu_admin.py::test_admin_deletes_empty_category PASSED [ 41%]
services/core-api/tests/test_menu_admin.py::test_admin_delete_referenced_category_returns_409 FAILED [ 41%]
services/core-api/tests/test_menu_admin.py::test_barista_cannot_create_category PASSED [ 41%]
services/core-api/tests/test_menu_admin.py::test_barista_cannot_delete_category PASSED [ 41%]
services/core-api/tests/test_menu_admin.py::test_customer_blocked_from_categories_crud PASSED [ 42%]
services/core-api/tests/test_menu_admin.py::test_admin_creates_menu_item PASSED [ 42%]
services/core-api/tests/test_menu_admin.py::test_admin_create_item_with_unknown_category_rejected PASSED [ 42%]
services/core-api/tests/test_menu_admin.py::test_admin_updates_item_archives_it PASSED [ 42%]
services/core-api/tests/test_menu_admin.py::test_admin_lists_items PASSED [ 42%]
services/core-api/tests/test_menu_admin.py::test_admin_gets_single_item_with_sizes_and_modifiers PASSED [ 42%]
services/core-api/tests/test_menu_admin.py::test_admin_deletes_item PASSED [ 42%]
services/core-api/tests/test_menu_admin.py::test_barista_lists_items_allowed PASSED [ 42%]
services/core-api/tests/test_menu_admin.py::test_barista_cannot_delete_item PASSED [ 42%]
services/core-api/tests/test_menu_admin.py::test_customer_blocked_from_items_crud PASSED [ 42%]
services/core-api/tests/test_menu_admin.py::test_admin_creates_modifier PASSED [ 42%]
services/core-api/tests/test_menu_admin.py::test_admin_updates_modifier_price PASSED [ 43%]
services/core-api/tests/test_menu_admin.py::test_admin_deletes_modifier PASSED [ 43%]
services/core-api/tests/test_menu_admin.py::test_delete_missing_modifier_returns_404 PASSED [ 43%]
services/core-api/tests/test_menu_admin.py::test_barista_lists_modifiers_allowed PASSED [ 43%]
services/core-api/tests/test_menu_admin.py::test_barista_cannot_update_modifier PASSED [ 43%]
services/core-api/tests/test_menu_admin.py::test_admin_creates_size_for_item PASSED [ 43%]
services/core-api/tests/test_menu_admin.py::test_duplicate_size_label_on_same_item_returns_409 PASSED [ 43%]
services/core-api/tests/test_menu_admin.py::test_admin_updates_size_price PASSED [ 43%]
services/core-api/tests/test_menu_admin.py::test_admin_deletes_size PASSED [ 43%]
services/core-api/tests/test_menu_admin.py::test_barista_cannot_create_size PASSED [ 43%]
services/core-api/tests/test_menu_admin.py::test_barista_stop_lists_item PASSED [ 43%]
services/core-api/tests/test_menu_admin.py::test_barista_unstops_item PASSED [ 44%]
services/core-api/tests/test_menu_admin.py::test_archived_item_availability_unchanged_by_toggle PASSED [ 44%]
services/core-api/tests/test_menu_admin.py::test_admin_stop_lists_item PASSED [ 44%]
services/core-api/tests/test_menu_admin.py::test_customer_blocked_from_item_availability PASSED [ 44%]
services/core-api/tests/test_menu_admin.py::test_courier_blocked_from_item_availability PASSED [ 44%]
services/core-api/tests/test_menu_admin.py::test_item_availability_patch_404_on_missing_id PASSED [ 44%]
services/core-api/tests/test_menu_admin.py::test_item_availability_patch_rejects_extra_fields PASSED [ 44%]
services/core-api/tests/test_menu_admin.py::test_item_availability_patch_only_touches_available_column PASSED [ 44%]
services/core-api/tests/test_menu_admin.py::test_barista_stop_lists_modifier PASSED [ 44%]
services/core-api/tests/test_menu_admin.py::test_admin_stop_lists_modifier PASSED [ 44%]
services/core-api/tests/test_menu_admin.py::test_customer_blocked_from_modifier_availability PASSED [ 44%]
services/core-api/tests/test_menu_admin.py::test_courier_blocked_from_modifier_availability PASSED [ 45%]
services/core-api/tests/test_menu_admin.py::test_modifier_availability_patch_404_on_missing_id PASSED [ 45%]
services/core-api/tests/test_menu_admin.py::test_rbac_matrix_contains_admin_menu_routes PASSED [ 45%]
services/core-api/tests/test_menu_admin.py::test_rbac_matrix_availability_routes_allow_barista PASSED [ 45%]
services/core-api/tests/test_menu_admin.py::test_rbac_matrix_mutations_admin_only PASSED [ 45%]
services/core-api/tests/test_menu_admin.py::test_admin_menu_routes_not_public PASSED [ 45%]
services/core-api/tests/test_menu_admin.py::test_unauthenticated_admin_menu_request_401 PASSED [ 45%]
services/core-api/tests/test_menu_admin.py::test_openapi_exposes_menu_admin_paths PASSED [ 45%]
services/core-api/tests/test_menu_admin.py::test_openapi_menu_admin_tag_is_consistent PASSED [ 45%]
services/core-api/tests/test_menu_admin.py::test_admin_items_list_filters_by_category PASSED [ 45%]
services/core-api/tests/test_menu_admin.py::test_admin_set_item_modifiers PASSED [ 45%]
services/core-api/tests/test_menu_public.py::test_get_public_menu_service_is_importable PASSED [ 46%]
services/core-api/tests/test_menu_public.py::test_get_public_menu_signature_uses_keyword_only_flags PASSED [ 46%]
services/core-api/tests/test_menu_public.py::test_language_enum_exists PASSED [ 46%]
services/core-api/tests/test_menu_public.py::test_public_menu_schemas_importable PASSED [ 46%]
services/core-api/tests/test_menu_public.py::test_public_menu_item_has_no_archived_field PASSED [ 46%]
services/core-api/tests/test_menu_public.py::test_public_menu_item_exposes_flat_and_raw_bilingual_fields PASSED [ 46%]
services/core-api/tests/test_menu_public.py::test_public_category_exposes_flat_and_raw_bilingual_fields PASSED [ 46%]
services/core-api/tests/test_menu_public.py::test_admin_menu_item_response_still_has_archived PASSED [ 46%]
services/core-api/tests/test_menu_public.py::test_public_menu_modifier_has_bilingual_and_name PASSED [ 46%]
services/core-api/tests/test_menu_public.py::test_public_menu_size_option_has_expected_fields PASSED [ 46%]
services/core-api/tests/test_menu_public.py::test_get_menu_returns_200_for_anonymous_client PASSED [ 46%]
services/core-api/tests/test_menu_public.py::test_get_menu_empty_database_returns_empty_list FAILED [ 47%]
services/core-api/tests/test_menu_public.py::test_get_menu_groups_and_orders_categories_and_items PASSED [ 47%]
services/core-api/tests/test_menu_public.py::test_archived_items_are_never_returned PASSED [ 47%]
services/core-api/tests/test_menu_public.py::test_invisible_category_is_excluded_with_its_items PASSED [ 47%]
services/core-api/tests/test_menu_public.py::test_modifier_type_category_is_excluded PASSED [ 47%]
services/core-api/tests/test_menu_public.py::test_default_request_includes_stop_listed_items PASSED [ 47%]
services/core-api/tests/test_menu_public.py::test_available_true_hides_stop_listed_items PASSED [ 47%]
services/core-api/tests/test_menu_public.py::test_available_true_prunes_stop_listed_size_options PASSED [ 47%]
services/core-api/tests/test_menu_public.py::test_available_false_is_treated_as_default PASSED [ 47%]
services/core-api/tests/test_menu_public.py::test_archived_filter_is_independent_of_available_param PASSED [ 47%]
services/core-api/tests/test_menu_public.py::test_default_language_is_russian PASSED [ 47%]
services/core-api/tests/test_menu_public.py::test_accept_language_en_selects_english PASSED [ 48%]
services/core-api/tests/test_menu_public.py::test_accept_language_en_us_is_treated_as_english PASSED [ 48%]
services/core-api/tests/test_menu_public.py::test_unknown_accept_language_falls_back_to_russian PASSED [ 48%]
services/core-api/tests/test_menu_public.py::test_null_description_projects_as_null PASSED [ 48%]
services/core-api/tests/test_menu_public.py::test_modifier_name_is_projected_bilingually PASSED [ 48%]
services/core-api/tests/test_menu_public.py::test_size_options_are_ordered_S_M_L PASSED [ 48%]
services/core-api/tests/test_menu_public.py::test_modifiers_ordered_by_sort_order_then_id PASSED [ 48%]
services/core-api/tests/test_menu_public.py::test_stop_listed_modifiers_still_visible_under_available_true PASSED [ 48%]
services/core-api/tests/test_menu_public.py::test_anonymous_request_has_no_rbac_entry PASSED [ 48%]
services/core-api/tests/test_menu_public.py::test_public_menu_query_is_bounded PASSED [ 48%]
services/core-api/tests/test_menu_public.py::test_router_delegates_to_service PASSED [ 48%]
services/core-api/tests/test_migration_0004_menu_tables.py::test_upgrade_creates_categories_table PASSED [ 49%]
services/core-api/tests/test_migration_0004_menu_tables.py::test_upgrade_creates_menu_items_table PASSED [ 49%]
services/core-api/tests/test_migration_0004_menu_tables.py::test_upgrade_creates_size_options_table PASSED [ 49%]
services/core-api/tests/test_migration_0004_menu_tables.py::test_upgrade_creates_modifiers_table PASSED [ 49%]
services/core-api/tests/test_migration_0004_menu_tables.py::test_upgrade_creates_junction_table PASSED [ 49%]
services/core-api/tests/test_migration_0004_menu_tables.py::test_upgrade_creates_indexes PASSED [ 49%]
services/core-api/tests/test_migration_0004_menu_tables.py::test_downgrade_removes_everything PASSED [ 49%]
services/core-api/tests/test_migration_0005_phase3_schema.py::test_upgrade_creates_shop_settings_table PASSED [ 49%]
services/core-api/tests/test_migration_0005_phase3_schema.py::test_shop_settings_check_id_is_1 PASSED [ 49%]
services/core-api/tests/test_migration_0005_phase3_schema.py::test_upgrade_creates_orders_table PASSED [ 49%]
services/core-api/tests/test_migration_0005_phase3_schema.py::test_orders_user_fk_behavior PASSED [ 49%]
services/core-api/tests/test_migration_0005_phase3_schema.py::test_upgrade_creates_order_items_table PASSED [ 50%]
services/core-api/tests/test_migration_0005_phase3_schema.py::test_upgrade_creates_payments_table_and_order_unique PASSED [ 50%]
services/core-api/tests/test_migration_0005_phase3_schema.py::test_upgrade_creates_refunds_table PASSED [ 50%]
services/core-api/tests/test_migration_0005_phase3_schema.py::test_upgrade_creates_loyalty_transactions_table PASSED [ 50%]
services/core-api/tests/test_migration_0005_phase3_schema.py::test_upgrade_creates_promocodes_table PASSED [ 50%]
services/core-api/tests/test_migration_0005_phase3_schema.py::test_upgrade_creates_promocode_usages_table PASSED [ 50%]
services/core-api/tests/test_migration_0005_phase3_schema.py::test_upgrade_creates_notifications_table PASSED [ 50%]
services/core-api/tests/test_migration_0005_phase3_schema.py::test_upgrade_creates_phase3_indexes PASSED [ 50%]
services/core-api/tests/test_migration_0005_phase3_schema.py::test_shop_settings_seed_populates_defaults PASSED [ 50%]
services/core-api/tests/test_migration_0005_phase3_schema.py::test_shop_settings_seed_is_idempotent PASSED [ 50%]
services/core-api/tests/test_migration_0005_phase3_schema.py::test_downgrade_removes_phase3_tables_and_enums PASSED [ 50%]
services/core-api/tests/test_migration_0008_auto_close.py::test_upgrade_adds_auto_close_minutes_column PASSED [ 51%]
services/core-api/tests/test_migration_0008_auto_close.py::test_downgrade_drops_auto_close_minutes_column PASSED [ 51%]
services/core-api/tests/test_migration_0008_auto_close.py::test_seed_row_has_auto_close_default PASSED [ 51%]
services/core-api/tests/test_migration_bootstrap.py::test_upgrade_head_without_admin_env_vars PASSED [ 51%]
services/core-api/tests/test_migration_bootstrap.py::test_upgrade_head_no_admin_row_seeded PASSED [ 51%]
services/core-api/tests/test_models_menu.py::test_category_model_declares_columns PASSED [ 51%]
services/core-api/tests/test_models_menu.py::test_menu_item_model_declares_columns PASSED [ 51%]
services/core-api/tests/test_models_menu.py::test_size_option_model_declares_columns PASSED [ 51%]
services/core-api/tests/test_models_menu.py::test_modifier_model_declares_columns PASSED [ 51%]
services/core-api/tests/test_models_menu.py::test_category_menu_items_relationship PASSED [ 51%]
services/core-api/tests/test_models_menu.py::test_menu_item_size_options_cascade_delete PASSED [ 51%]
services/core-api/tests/test_models_menu.py::test_menu_item_modifiers_many_to_many PASSED [ 52%]
services/core-api/tests/test_models_order.py::test_order_status_enum_exists_with_correct_values PASSED [ 52%]
services/core-api/tests/test_models_order.py::test_order_type_enum_exists_with_correct_values PASSED [ 52%]
services/core-api/tests/test_models_order.py::test_payment_status_enum_exists_with_correct_values PASSED [ 52%]
services/core-api/tests/test_models_order.py::test_refund_status_enum_exists_with_correct_values PASSED [ 52%]
services/core-api/tests/test_models_order.py::test_notification_channel_enum_exists_with_correct_values PASSED [ 52%]
services/core-api/tests/test_models_order.py::test_notification_type_enum_exists_with_correct_values PASSED [ 52%]
services/core-api/tests/test_models_order.py::test_notification_status_enum_exists_with_correct_values PASSED [ 52%]
services/core-api/tests/test_models_order.py::test_loyalty_transaction_type_enum_exists_with_correct_values PASSED [ 52%]
services/core-api/tests/test_models_order.py::test_promocode_discount_type_enum_exists_with_correct_values PASSED [ 52%]
services/core-api/tests/test_models_order.py::test_shop_settings_model_declares_columns PASSED [ 52%]
services/core-api/tests/test_models_order.py::test_order_model_declares_columns PASSED [ 53%]
services/core-api/tests/test_models_order.py::test_order_user_fk_and_promocode_fk PASSED [ 53%]
services/core-api/tests/test_models_order.py::test_order_model_forbids_pii_columns PASSED [ 53%]
services/core-api/tests/test_models_order.py::test_order_item_model_declares_columns PASSED [ 53%]
services/core-api/tests/test_models_order.py::test_order_item_order_fk_cascade PASSED [ 53%]
services/core-api/tests/test_models_order.py::test_order_item_menu_item_id_is_not_fk PASSED [ 53%]
services/core-api/tests/test_models_order.py::test_order_item_nullable_snapshot_references PASSED [ 53%]
services/core-api/tests/test_models_order.py::test_payment_model_declares_columns PASSED [ 53%]
services/core-api/tests/test_models_order.py::test_payment_order_fk_is_unique PASSED [ 53%]
services/core-api/tests/test_models_order.py::test_refund_model_declares_columns PASSED [ 53%]
services/core-api/tests/test_models_order.py::test_refund_payment_fk PASSED [ 53%]
services/core-api/tests/test_models_order.py::test_loyalty_transaction_model_declares_columns PASSED [ 54%]
services/core-api/tests/test_models_order.py::test_promocode_model_declares_columns PASSED [ 54%]
services/core-api/tests/test_models_order.py::test_promocode_usage_model_declares_columns PASSED [ 54%]
services/core-api/tests/test_models_order.py::test_notification_model_declares_columns PASSED [ 54%]
services/core-api/tests/test_models_order.py::test_phase3_models_registered_in_shared_models_all PASSED [ 54%]
services/core-api/tests/test_notification_messages.py::test_matrix_has_nine_cases PASSED [ 54%]
services/core-api/tests/test_notification_messages.py::test_resolve_notification_text_returns_frozen_ru[paid] PASSED [ 54%]
services/core-api/tests/test_notification_messages.py::test_resolve_notification_text_returns_frozen_ru[preparing] PASSED [ 54%]
services/core-api/tests/test_notification_messages.py::test_resolve_notification_text_returns_frozen_ru[ready-pickup] PASSED [ 54%]
services/core-api/tests/test_notification_messages.py::test_resolve_notification_text_returns_frozen_ru[ready-delivery] PASSED [ 54%]
services/core-api/tests/test_notification_messages.py::test_resolve_notification_text_returns_frozen_ru[in-delivery] PASSED [ 54%]
services/core-api/tests/test_notification_messages.py::test_resolve_notification_text_returns_frozen_ru[completed-pickup] PASSED [ 55%]
services/core-api/tests/test_notification_messages.py::test_resolve_notification_text_returns_frozen_ru[completed-delivery] PASSED [ 55%]
services/core-api/tests/test_notification_messages.py::test_resolve_notification_text_returns_frozen_ru[cancelled-customer] PASSED [ 55%]
services/core-api/tests/test_notification_messages.py::test_resolve_notification_text_returns_frozen_ru[cancelled-admin] PASSED [ 55%]
services/core-api/tests/test_notification_messages.py::test_resolve_notification_text_returns_frozen_en[paid] PASSED [ 55%]
services/core-api/tests/test_notification_messages.py::test_resolve_notification_text_returns_frozen_en[preparing] PASSED [ 55%]
services/core-api/tests/test_notification_messages.py::test_resolve_notification_text_returns_frozen_en[ready-pickup] PASSED [ 55%]
services/core-api/tests/test_notification_messages.py::test_resolve_notification_text_returns_frozen_en[ready-delivery] PASSED [ 55%]
services/core-api/tests/test_notification_messages.py::test_resolve_notification_text_returns_frozen_en[in-delivery] PASSED [ 55%]
services/core-api/tests/test_notification_messages.py::test_resolve_notification_text_returns_frozen_en[completed-pickup] PASSED [ 55%]
services/core-api/tests/test_notification_messages.py::test_resolve_notification_text_returns_frozen_en[completed-delivery] PASSED [ 55%]
services/core-api/tests/test_notification_messages.py::test_resolve_notification_text_returns_frozen_en[cancelled-customer] PASSED [ 56%]
services/core-api/tests/test_notification_messages.py::test_resolve_notification_text_returns_frozen_en[cancelled-admin] PASSED [ 56%]
services/core-api/tests/test_notification_messages.py::test_resolve_notification_text_requires_sms_flag[paid] PASSED [ 56%]
services/core-api/tests/test_notification_messages.py::test_resolve_notification_text_requires_sms_flag[preparing] PASSED [ 56%]
services/core-api/tests/test_notification_messages.py::test_resolve_notification_text_requires_sms_flag[ready-pickup] PASSED [ 56%]
services/core-api/tests/test_notification_messages.py::test_resolve_notification_text_requires_sms_flag[ready-delivery] PASSED [ 56%]
services/core-api/tests/test_notification_messages.py::test_resolve_notification_text_requires_sms_flag[in-delivery] PASSED [ 56%]
services/core-api/tests/test_notification_messages.py::test_resolve_notification_text_requires_sms_flag[completed-pickup] PASSED [ 56%]
services/core-api/tests/test_notification_messages.py::test_resolve_notification_text_requires_sms_flag[completed-delivery] PASSED [ 56%]
services/core-api/tests/test_notification_messages.py::test_resolve_notification_text_requires_sms_flag[cancelled-customer] PASSED [ 56%]
services/core-api/tests/test_notification_messages.py::test_resolve_notification_text_requires_sms_flag[cancelled-admin] PASSED [ 56%]
services/core-api/tests/test_notification_messages.py::test_resolve_notification_text_returns_sms_status[paid] PASSED [ 57%]
services/core-api/tests/test_notification_messages.py::test_resolve_notification_text_returns_sms_status[preparing] PASSED [ 57%]
services/core-api/tests/test_notification_messages.py::test_resolve_notification_text_returns_sms_status[ready-pickup] PASSED [ 57%]
services/core-api/tests/test_notification_messages.py::test_resolve_notification_text_returns_sms_status[ready-delivery] PASSED [ 57%]
services/core-api/tests/test_notification_messages.py::test_resolve_notification_text_returns_sms_status[in-delivery] PASSED [ 57%]
services/core-api/tests/test_notification_messages.py::test_resolve_notification_text_returns_sms_status[completed-pickup] PASSED [ 57%]
services/core-api/tests/test_notification_messages.py::test_resolve_notification_text_returns_sms_status[completed-delivery] PASSED [ 57%]
services/core-api/tests/test_notification_messages.py::test_resolve_notification_text_returns_sms_status[cancelled-customer] PASSED [ 57%]
services/core-api/tests/test_notification_messages.py::test_resolve_notification_text_returns_sms_status[cancelled-admin] PASSED [ 57%]
services/core-api/tests/test_notification_messages.py::test_sms_body_length_is_within_one_cyrillic_segment[paid] PASSED [ 57%]
services/core-api/tests/test_notification_messages.py::test_sms_body_length_is_within_one_cyrillic_segment[preparing] PASSED [ 57%]
services/core-api/tests/test_notification_messages.py::test_sms_body_length_is_within_one_cyrillic_segment[ready-pickup] PASSED [ 58%]
services/core-api/tests/test_notification_messages.py::test_sms_body_length_is_within_one_cyrillic_segment[ready-delivery] PASSED [ 58%]
services/core-api/tests/test_notification_messages.py::test_sms_body_length_is_within_one_cyrillic_segment[completed-delivery] PASSED [ 58%]
services/core-api/tests/test_notification_messages.py::test_sms_body_length_is_within_one_cyrillic_segment[cancelled-customer] PASSED [ 58%]
services/core-api/tests/test_notification_messages.py::test_sms_body_length_is_within_one_cyrillic_segment[cancelled-admin] PASSED [ 58%]
services/core-api/tests/test_notification_messages.py::test_sms_body_substitutes_short_id PASSED [ 58%]
services/core-api/tests/test_notification_service.py::test_make_order_fixture_smoke PASSED [ 58%]
services/core-api/tests/test_notification_service.py::test_fixture_returns_hex_string PASSED [ 58%]
services/core-api/tests/test_notification_service.py::test_paid_writes_in_app_row_status_sent PASSED [ 58%]
services/core-api/tests/test_notification_service.py::test_in_app_row_written_for_every_status_with_notification[paid-pickup] PASSED [ 58%]
services/core-api/tests/test_notification_service.py::test_in_app_row_written_for_every_status_with_notification[preparing-pickup] PASSED [ 58%]
services/core-api/tests/test_notification_service.py::test_in_app_row_written_for_every_status_with_notification[ready-pickup] PASSED [ 59%]
services/core-api/tests/test_notification_service.py::test_in_app_row_written_for_every_status_with_notification[ready-delivery] PASSED [ 59%]
services/core-api/tests/test_notification_service.py::test_in_app_row_written_for_every_status_with_notification[in-delivery] PASSED [ 59%]
services/core-api/tests/test_notification_service.py::test_in_app_row_written_for_every_status_with_notification[completed-pickup] PASSED [ 59%]
services/core-api/tests/test_notification_service.py::test_in_app_row_written_for_every_status_with_notification[completed-delivery] PASSED [ 59%]
services/core-api/tests/test_notification_service.py::test_in_app_row_written_for_every_status_with_notification[cancelled-customer] PASSED [ 59%]
services/core-api/tests/test_notification_service.py::test_in_app_row_written_for_every_status_with_notification[cancelled-admin] PASSED [ 59%]
services/core-api/tests/test_notification_service.py::test_in_app_row_text_matches_preferred_language_selection PASSED [ 59%]
services/core-api/tests/test_notification_service.py::test_paid_writes_sms_row_status_pending PASSED [ 59%]
services/core-api/tests/test_notification_service.py::test_in_delivery_does_not_write_sms_row PASSED [ 59%]
services/core-api/tests/test_notification_service.py::test_completed_pickup_does_not_write_sms_row PASSED [ 60%]
services/core-api/tests/test_notification_service.py::test_sms_required_cases_enqueue_celery_task[paid] PASSED [ 60%]
services/core-api/tests/test_notification_service.py::test_sms_required_cases_enqueue_celery_task[preparing] PASSED [ 60%]
services/core-api/tests/test_notification_service.py::test_sms_required_cases_enqueue_celery_task[ready-pickup] PASSED [ 60%]
services/core-api/tests/test_notification_service.py::test_sms_required_cases_enqueue_celery_task[ready-delivery] PASSED [ 60%]
services/core-api/tests/test_notification_service.py::test_sms_required_cases_enqueue_celery_task[completed-delivery] PASSED [ 60%]
services/core-api/tests/test_notification_service.py::test_sms_required_cases_enqueue_celery_task[cancelled-customer] PASSED [ 60%]
services/core-api/tests/test_notification_service.py::test_sms_required_cases_enqueue_celery_task[cancelled-admin] PASSED [ 60%]
services/core-api/tests/test_notification_service.py::test_in_app_only_cases_do_not_enqueue_task[in-delivery] PASSED [ 60%]
services/core-api/tests/test_notification_service.py::test_in_app_only_cases_do_not_enqueue_task[completed-pickup] PASSED [ 60%]
services/core-api/tests/test_notification_service.py::test_celery_task_is_dispatched_by_registered_name PASSED [ 60%]
services/core-api/tests/test_notification_service.py::test_plaintext_phone_never_passed_to_task PASSED [ 61%]
services/core-api/tests/test_notification_service.py::test_sms_row_committed_before_dispatch PASSED [ 61%]
services/core-api/tests/test_notification_service.py::test_short_id_is_first_8_hex_chars_of_uuid PASSED [ 61%]
services/core-api/tests/test_notification_service.py::test_cancelled_by_customer_uses_refund_wording PASSED [ 61%]
services/core-api/tests/test_notification_service.py::test_cancelled_by_admin_uses_coffee_shop_wording PASSED [ 61%]
services/core-api/tests/test_notification_service.py::test_cancelled_without_cancelled_by_raises PASSED [ 61%]
services/core-api/tests/test_notification_service.py::test_unknown_transition_raises PASSED [ 61%]
services/core-api/tests/test_order_cancel.py::test_order_cancel_module_exists PASSED [ 61%]
services/core-api/tests/test_order_cancel.py::test_customer_cancels_paid_order_full_chain PASSED [ 61%]
services/core-api/tests/test_order_cancel.py::test_admin_cancels_preparing_order_full_chain PASSED [ 61%]
services/core-api/tests/test_order_cancel.py::test_admin_cancels_ready_order PASSED [ 61%]
services/core-api/tests/test_order_cancel.py::test_customer_cannot_cancel_preparing PASSED [ 62%]
services/core-api/tests/test_order_cancel.py::test_customer_cannot_cancel_non_paid_statuses[created] PASSED [ 62%]
services/core-api/tests/test_order_cancel.py::test_customer_cannot_cancel_non_paid_statuses[preparing] PASSED [ 62%]
services/core-api/tests/test_order_cancel.py::test_customer_cannot_cancel_non_paid_statuses[ready] PASSED [ 62%]
services/core-api/tests/test_order_cancel.py::test_customer_cannot_cancel_non_paid_statuses[in_delivery] PASSED [ 62%]
services/core-api/tests/test_order_cancel.py::test_customer_cannot_cancel_non_paid_statuses[completed] PASSED [ 62%]
services/core-api/tests/test_order_cancel.py::test_customer_cannot_cancel_non_paid_statuses[cancelled] PASSED [ 62%]
services/core-api/tests/test_order_cancel.py::test_admin_cannot_cancel_terminal_or_in_delivery[in_delivery] PASSED [ 62%]
services/core-api/tests/test_order_cancel.py::test_admin_cannot_cancel_terminal_or_in_delivery[completed] PASSED [ 62%]
services/core-api/tests/test_order_cancel.py::test_admin_cannot_cancel_terminal_or_in_delivery[cancelled] PASSED [ 62%]
services/core-api/tests/test_order_cancel.py::test_no_promocode_skips_promo_step PASSED [ 62%]
services/core-api/tests/test_order_cancel.py::test_no_points_used_skips_loyalty_step PASSED [ 63%]
services/core-api/tests/test_order_cancel.py::test_zero_payment_amount_skips_refund PASSED [ 63%]
services/core-api/tests/test_order_cancel.py::test_celery_send_task_failure_rolls_back_everything PASSED [ 63%]
services/core-api/tests/test_order_cancel.py::test_notification_failure_rolls_back_and_no_task_enqueued PASSED [ 63%]
services/core-api/tests/test_order_cancel.py::test_order_not_found_raises_cancel PASSED [ 63%]
services/core-api/tests/test_order_cancel_atomic_decrement.py::test_double_cancel_does_not_drive_counter_below_zero PASSED [ 63%]
services/core-api/tests/test_order_cancel_atomic_decrement.py::test_normal_decrement_matches_single_row PASSED [ 63%]
services/core-api/tests/test_order_history_service.py::test_list_orders_module_missing PASSED [ 63%]
services/core-api/tests/test_order_history_service.py::test_list_orders_empty_user_returns_zero_total PASSED [ 63%]
[...]
INFO  [alembic.runtime.migration] Will assume transactional DDL.
____________________ test_patch_cart_item_updates_quantity _____________________

db_client = <starlette.testclient.TestClient object at 0x7c1d83d92f00>
db_session = <sqlalchemy.orm.session.Session object at 0x7c1d89492ea0>

    def test_patch_cart_item_updates_quantity(db_client, db_session) -> None:
        """PATCH обновляет quantity строки."""
        from tests._factories.menu import make_menu_item
    
        item = make_menu_item(db_session, base_price=15000)
        db_session.flush()
    
        with _patch_jwt():
            r = db_client.post(
                "/api/v1/cart/items",
                json={"menu_item_id": item.id, "quantity": 2},
                headers=_auth("customer"),
            )
            line_id = r.json()["items"][0]["line_id"]
    
            resp = db_client.patch(
                f"/api/v1/cart/items/{line_id}",
                json={"menu_item_id": item.id, "quantity": 4},
                headers=_auth("customer"),
            )
    
>       assert resp.status_code == 200
E       assert 404 == 200
E        +  where 404 = <Response [404 Not Found]>.status_code

services/core-api/tests/test_route_cart.py:270: AssertionError
---------------------------- Captured stderr setup -----------------------------
INFO  [alembic.runtime.migration] Context impl PostgresqlImpl.
INFO  [alembic.runtime.migration] Will assume transactional DDL.
______________________ test_delete_cart_item_removes_line ______________________

db_client = <starlette.testclient.TestClient object at 0x7c1d83c0a810>
db_session = <sqlalchemy.orm.session.Session object at 0x7c1d893d98b0>

    def test_delete_cart_item_removes_line(db_client, db_session) -> None:
        """DELETE /cart/items/{line_id} удаляет одну строку."""
        from tests._factories.menu import make_menu_item
    
        item1 = make_menu_item(db_session, name_ru="А", name_en="A", base_price=15000)
        item2 = make_menu_item(db_session, name_ru="Б", name_en="B", base_price=17000)
        db_session.flush()
    
        with _patch_jwt():
            r1 = db_client.post("/api/v1/cart/items", json={"menu_item_id": item1.id, "quantity": 1}, headers=_auth("customer"))
            db_client.post("/api/v1/cart/items", json={"menu_item_id": item2.id, "quantity": 1}, headers=_auth("customer"))
            line_id = r1.json()["items"][0]["line_id"]
    
            resp = db_client.delete(f"/api/v1/cart/items/{line_id}", headers=_auth("customer"))
    
>       assert resp.status_code == 200
E       assert 404 == 200
E        +  where 404 = <Response [404 Not Found]>.status_code

services/core-api/tests/test_route_cart.py:311: AssertionError
---------------------------- Captured stderr setup -----------------------------
INFO  [alembic.runtime.migration] Context impl PostgresqlImpl.
INFO  [alembic.runtime.migration] Will assume transactional DDL.
_____________________ test_cart_ttl_env_override_respected _____________________

db_client = <starlette.testclient.TestClient object at 0x7c1d89384320>
db_session = <sqlalchemy.orm.session.Session object at 0x7c1d838edc40>
cart_redis = <fakeredis._connection.FakeRedis(<redis.connection.ConnectionPool(<fakeredis._connection.FakeRedisConnection(server=<fakeredis._server.FakeServer object at 0x7c1d88e75d30>,db=0)>)>)>

    def test_cart_ttl_env_override_respected(db_client, db_session, cart_redis) -> None:
        """CART_TTL_SECONDS monkeypatch применяется при записи в Redis."""
        from tests._factories.menu import make_menu_item
    
        item = make_menu_item(db_session, base_price=15000)
        db_session.flush()
    
        uid = uuid.uuid4()
        token = _make_token("customer", uid)
    
        with (
            _patch_jwt(),
            patch("core_api.routers.cart.settings") as mock_s,
>           patch("core_api.services.cart.settings") as mock_s2,
            ^^^^^^^^^^^^^^^^^^^^^^^^^^^^^^^^^^^^^^^^
        ):

services/core-api/tests/test_route_cart.py:382: 
_ _ _ _ _ _ _ _ _ _ _ _ _ _ _ _ _ _ _ _ _ _ _ _ _ _ _ _ _ _ _ _ _ _ _ _ _ _ _ _ 
/usr/local/lib/python3.12/unittest/mock.py:1467: in __enter__
    original, local = self.get_original()
                      ^^^^^^^^^^^^^^^^^^^
_ _ _ _ _ _ _ _ _ _ _ _ _ _ _ _ _ _ _ _ _ _ _ _ _ _ _ _ _ _ _ _ _ _ _ _ _ _ _ _ 

self = <unittest.mock._patch object at 0x7c1d8927e9c0>

    def get_original(self):
        target = self.getter()
        name = self.attribute
    
        original = DEFAULT
        local = False
    
        try:
            original = target.__dict__[name]
        except (AttributeError, KeyError):
            original = getattr(target, name, DEFAULT)
        else:
            local = True
    
        if name in _builtins and isinstance(target, ModuleType):
            self.create = True
    
        if not self.create and original is DEFAULT:
>           raise AttributeError(
                "%s does not have the attribute %r" % (target, name)
            )
E           AttributeError: <module 'core_api.services.cart' from '/app/services/core-api/src/core_api/services/cart.py'> does not have the attribute 'settings'

/usr/local/lib/python3.12/unittest/mock.py:1437: AttributeError
---------------------------- Captured stderr setup -----------------------------
INFO  [alembic.runtime.migration] Context impl PostgresqlImpl.
INFO  [alembic.runtime.migration] Will assume transactional DDL.
__________________ test_single_order_detail_is_not_duplicated __________________
[XPASS(strict)] GET /api/v1/orders/{order_id} принадлежит фиче order-checkout; в этом worktree маршрут не регистрируется. XFAIL снимается при мерже.
____________________ test_shop_settings_response_round_trip ____________________

    def test_shop_settings_response_round_trip() -> None:
        from core_api.schemas.shop_settings import ShopSettingsResponse
    
        now = datetime.now(UTC)
        ns = SimpleNamespace(
            shop_lat=55.7558,
            shop_lon=37.6173,
            delivery_radius_km=5,
            min_delivery_amount=50000,
            free_delivery_threshold=150000,
            delivery_fee=20000,
            loyalty_percent=5,
            default_prep_time_minutes=15,
            estimated_delivery_time_minutes=30,
            working_hours={
                "mon": {"open": "08:00", "close": "22:00"},
                "tue": {"open": "08:00", "close": "22:00"},
                "wed": {"open": "08:00", "close": "22:00"},
                "thu": {"open": "08:00", "close": "22:00"},
                "fri": {"open": "08:00", "close": "22:00"},
                "sat": {"open": "08:00", "close": "22:00"},
                "sun": {"open": "08:00", "close": "22:00"},
            },
            updated_at=now,
        )
>       resp = ShopSettingsResponse.model_validate(ns)
               ^^^^^^^^^^^^^^^^^^^^^^^^^^^^^^^^^^^^^^^
E       pydantic_core._pydantic_core.ValidationError: 1 validation error for ShopSettingsResponse
E       auto_close_minutes
E         Field required [type=missing, input_value=namespace(shop_lat=55.755...=datetime.timezone.utc)), input_type=SimpleNamespace]
E           For further information visit https://errors.pydantic.dev/2.13/v/missing

services/core-api/tests/test_schemas_order.py:265: ValidationError
=============================== warnings summary ===============================
tests/test_admin_orders_detail.py: 4 warnings
tests/test_admin_orders_list.py: 7 warnings
tests/test_admin_promocodes_crud.py: 11 warnings
tests/test_admin_promocodes_edit_rules.py: 10 warnings
tests/test_admin_promocodes_lifecycle.py: 10 warnings
tests/test_admin_promocodes_list.py: 11 warnings
tests/test_admin_shop_settings_get.py: 1 warning
tests/test_admin_shop_settings_put.py: 1 warning
tests/test_admin_shop_settings_rbac.py: 6 warnings
tests/test_admin_shop_settings_validation.py: 13 warnings
tests/test_admin_stats_rbac.py: 4 warnings
tests/test_admin_users_block.py: 4 warnings
tests/test_admin_users_detail.py: 3 warnings
tests/test_admin_users_list.py: 3 warnings
tests/test_admin_users_loyalty_adjust.py: 9 warnings
tests/test_admin_users_unblock.py: 4 warnings
tests/test_checkout_delivery_address_id.py: 8 warnings
tests/test_courier_endpoints.py: 20 warnings
tests/test_jwt.py: 3 warnings
tests/test_menu_admin.py: 45 warnings
tests/test_profile_loyalty_balance.py: 4 warnings
tests/test_profile_loyalty_rbac.py: 1 warning
tests/test_profile_loyalty_transactions.py: 8 warnings
tests/test_route_cart.py: 14 warnings
tests/test_route_order_actions.py: 12 warnings
tests/test_route_order_history.py: 9 warnings
tests/test_route_orders.py: 14 warnings
tests/test_staff_auth.py: 7 warnings
tests/test_token_lifecycle.py: 6 warnings
tests/test_yandex_maps_geocode.py: 14 warnings
tests/test_yandex_maps_suggest.py: 9 warnings
  /usr/local/lib/python3.12/site-packages/jwt/api_jwt.py:147: InsecureKeyLengthWarning: The HMAC key is 11 bytes long, which is below the minimum recommended length of 32 bytes for SHA256. See RFC 7518 Section 3.2.
    return self._jws.encode(

tests/test_admin_orders_detail.py: 4 warnings
tests/test_admin_orders_list.py: 7 warnings
tests/test_admin_promocodes_crud.py: 11 warnings
tests/test_admin_promocodes_edit_rules.py: 10 warnings
tests/test_admin_promocodes_lifecycle.py: 10 warnings
tests/test_admin_promocodes_list.py: 11 warnings
tests/test_admin_shop_settings_get.py: 1 warning
tests/test_admin_shop_settings_put.py: 1 warning
tests/test_admin_shop_settings_rbac.py: 6 warnings
tests/test_admin_shop_settings_validation.py: 13 warnings
tests/test_admin_stats_rbac.py: 4 warnings
tests/test_admin_users_block.py: 4 warnings
tests/test_admin_users_detail.py: 3 warnings
tests/test_admin_users_list.py: 3 warnings
tests/test_admin_users_loyalty_adjust.py: 9 warnings
tests/test_admin_users_unblock.py: 4 warnings
tests/test_checkout_delivery_address_id.py: 8 warnings
tests/test_courier_endpoints.py: 20 warnings
tests/test_jwt.py: 2 warnings
tests/test_menu_admin.py: 45 warnings
tests/test_profile_loyalty_balance.py: 4 warnings
tests/test_profile_loyalty_rbac.py: 1 warning
tests/test_profile_loyalty_transactions.py: 8 warnings
tests/test_route_cart.py: 13 warnings
tests/test_route_order_actions.py: 12 warnings
tests/test_route_order_history.py: 9 warnings
tests/test_route_orders.py: 14 warnings
tests/test_staff_auth.py: 5 warnings
tests/test_token_lifecycle.py: 2 warnings
tests/test_yandex_maps_geocode.py: 14 warnings
tests/test_yandex_maps_suggest.py: 9 warnings
  /usr/local/lib/python3.12/site-packages/jwt/api_jwt.py:365: InsecureKeyLengthWarning: The HMAC key is 11 bytes long, which is below the minimum recommended length of 32 bytes for SHA256. See RFC 7518 Section 3.2.
    decoded = self.decode_complete(

tests/test_admin_promocodes_edit_rules.py::test_patch_used_rejects_locked_field[payload0-code]
tests/test_admin_promocodes_edit_rules.py::test_patch_used_rejects_locked_field[payload1-discount_type]
tests/test_admin_promocodes_edit_rules.py::test_patch_used_rejects_locked_field[payload2-discount_value]
tests/test_admin_promocodes_edit_rules.py::test_patch_merged_dates_must_be_ordered
tests/test_admin_promocodes_edit_rules.py::test_patch_failed_lock_leaves_row_unchanged
tests/test_admin_promocodes_lifecycle.py::test_activate_requires_valid_until
tests/test_admin_users_loyalty_adjust.py::test_adjust_loyalty_route_422_on_insufficient_balance
tests/test_delivery_addresses_api.py::test_create_address_rejects_out_of_radius_with_422
tests/test_route_order_history.py::test_post_repeat_all_unavailable_returns_422
  /usr/local/lib/python3.12/site-packages/anyio/_backends/_asyncio.py:1002: DeprecationWarning: 'HTTP_422_UNPROCESSABLE_ENTITY' is deprecated. Use 'HTTP_422_UNPROCESSABLE_CONTENT' instead.
    result = context.run(func, *args)

tests/test_jwt.py::TestJWT::test_invalid_signature
  /usr/local/lib/python3.12/site-packages/jwt/api_jwt.py:365: InsecureKeyLengthWarning: The HMAC key is 12 bytes long, which is below the minimum recommended length of 32 bytes for SHA256. See RFC 7518 Section 3.2.
    decoded = self.decode_complete(

tests/test_menu_admin.py::test_admin_set_item_modifiers
  /app/services/core-api/src/core_api/routers/menu_admin.py:262: DeprecationWarning: 'HTTP_422_UNPROCESSABLE_ENTITY' is deprecated. Use 'HTTP_422_UNPROCESSABLE_CONTENT' instead.
    return MenuItemResponse.model_validate(svc.set_item_modifiers(item_id, body.modifier_ids))

tests/test_models_menu.py::test_category_model_declares_columns
  /app/services/core-api/tests/test_models_menu.py:26: SADeprecationWarning: Use .persist_selectable (deprecated since: 1.3)
    assert mapper.mapper.mapped_table.name == "categories"

tests/test_models_menu.py::test_menu_item_model_declares_columns
  /app/services/core-api/tests/test_models_menu.py:45: SADeprecationWarning: Use .persist_selectable (deprecated since: 1.3)
    assert mapper.mapper.mapped_table.name == "menu_items"

tests/test_models_menu.py::test_size_option_model_declares_columns
  /app/services/core-api/tests/test_models_menu.py:66: SADeprecationWarning: Use .persist_selectable (deprecated since: 1.3)
    assert mapper.mapper.mapped_table.name == "size_options"

tests/test_models_menu.py::test_modifier_model_declares_columns
  /app/services/core-api/tests/test_models_menu.py:88: SADeprecationWarning: Use .persist_selectable (deprecated since: 1.3)
    assert mapper.mapper.mapped_table.name == "modifiers"

tests/test_models_order.py::test_shop_settings_model_declares_columns
  /app/services/core-api/tests/test_models_order.py:146: SADeprecationWarning: Use .persist_selectable (deprecated since: 1.3)
    assert mapper.mapper.mapped_table.name == "shop_settings"

tests/test_models_order.py::test_order_model_declares_columns
  /app/services/core-api/tests/test_models_order.py:174: SADeprecationWarning: Use .persist_selectable (deprecated since: 1.3)
    assert mapper.mapper.mapped_table.name == "orders"

tests/test_models_order.py::test_order_item_model_declares_columns
  /app/services/core-api/tests/test_models_order.py:229: SADeprecationWarning: Use .persist_selectable (deprecated since: 1.3)
    assert mapper.mapper.mapped_table.name == "order_items"

tests/test_models_order.py::test_payment_model_declares_columns
  /app/services/core-api/tests/test_models_order.py:294: SADeprecationWarning: Use .persist_selectable (deprecated since: 1.3)
    assert mapper.mapper.mapped_table.name == "payments"

tests/test_models_order.py::test_payment_order_fk_is_unique
  /app/services/core-api/tests/test_models_order.py:315: SADeprecationWarning: Use .persist_selectable (deprecated since: 1.3)
    table = mapper.mapper.mapped_table

tests/test_models_order.py::test_refund_model_declares_columns
  /app/services/core-api/tests/test_models_order.py:340: SADeprecationWarning: Use .persist_selectable (deprecated since: 1.3)
    assert mapper.mapper.mapped_table.name == "refunds"

tests/test_models_order.py::test_loyalty_transaction_model_declares_columns
  /app/services/core-api/tests/test_models_order.py:364: SADeprecationWarning: Use .persist_selectable (deprecated since: 1.3)
    assert mapper.mapper.mapped_table.name == "loyalty_transactions"

tests/test_models_order.py::test_promocode_model_declares_columns
  /app/services/core-api/tests/test_models_order.py:385: SADeprecationWarning: Use .persist_selectable (deprecated since: 1.3)
    assert mapper.mapper.mapped_table.name == "promocodes"

tests/test_models_order.py::test_promocode_usage_model_declares_columns
  /app/services/core-api/tests/test_models_order.py:408: SADeprecationWarning: Use .persist_selectable (deprecated since: 1.3)
    assert mapper.mapper.mapped_table.name == "promocode_usages"

tests/test_models_order.py::test_notification_model_declares_columns
  /app/services/core-api/tests/test_models_order.py:421: SADeprecationWarning: Use .persist_selectable (deprecated since: 1.3)
    assert mapper.mapper.mapped_table.name == "notifications"

tests/test_profile_endpoints.py::TestGetProfile::test_success
tests/test_profile_endpoints.py::TestGetProfile::test_wrong_role
tests/test_profile_endpoints.py::TestGetProfile::test_profile_not_found
tests/test_profile_endpoints.py::TestUpdateProfile::test_update_name
tests/test_profile_endpoints.py::TestUpdateProfile::test_update_language
tests/test_profile_endpoints.py::TestUpdateProfile::test_empty_body_noop
tests/test_profile_endpoints.py::TestUpdateProfile::test_name_too_long
tests/test_profile_endpoints.py::TestUpdateProfile::test_invalid_language
  /usr/local/lib/python3.12/site-packages/jwt/api_jwt.py:147: InsecureKeyLengthWarning: The HMAC key is 29 bytes long, which is below the minimum recommended length of 32 bytes for SHA256. See RFC 7518 Section 3.2.
    return self._jws.encode(

tests/test_profile_endpoints.py::TestGetProfile::test_success
tests/test_profile_endpoints.py::TestGetProfile::test_wrong_role
tests/test_profile_endpoints.py::TestGetProfile::test_profile_not_found
tests/test_profile_endpoints.py::TestUpdateProfile::test_update_name
tests/test_profile_endpoints.py::TestUpdateProfile::test_update_language
tests/test_profile_endpoints.py::TestUpdateProfile::test_empty_body_noop
tests/test_profile_endpoints.py::TestUpdateProfile::test_name_too_long
tests/test_profile_endpoints.py::TestUpdateProfile::test_invalid_language
  /usr/local/lib/python3.12/site-packages/jwt/api_jwt.py:365: InsecureKeyLengthWarning: The HMAC key is 29 bytes long, which is below the minimum recommended length of 32 bytes for SHA256. See RFC 7518 Section 3.2.
    decoded = self.decode_complete(

tests/test_rbac_middleware.py::TestValidRoleAccess::test_customer_accesses_profile
tests/test_rbac_middleware.py::TestInvalidRole::test_admin_denied_from_customer_endpoint
tests/test_rbac_middleware.py::TestExpiredToken::test_expired_jwt_returns_401
tests/test_rbac_middleware.py::TestDefaultDeny::test_unlisted_route_denied_with_valid_token
  /usr/local/lib/python3.12/site-packages/jwt/api_jwt.py:147: InsecureKeyLengthWarning: The HMAC key is 20 bytes long, which is below the minimum recommended length of 32 bytes for SHA256. See RFC 7518 Section 3.2.
    return self._jws.encode(

tests/test_rbac_middleware.py::TestValidRoleAccess::test_customer_accesses_profile
tests/test_rbac_middleware.py::TestInvalidRole::test_admin_denied_from_customer_endpoint
tests/test_rbac_middleware.py::TestExpiredToken::test_expired_jwt_returns_401
tests/test_rbac_middleware.py::TestDefaultDeny::test_unlisted_route_denied_with_valid_token
  /usr/local/lib/python3.12/site-packages/jwt/api_jwt.py:365: InsecureKeyLengthWarning: The HMAC key is 20 bytes long, which is below the minimum recommended length of 32 bytes for SHA256. See RFC 7518 Section 3.2.
    decoded = self.decode_complete(

-- Docs: https://docs.pytest.org/en/stable/how-to/capture-warnings.html
=========================== short test summary info ============================
FAILED services/core-api/tests/test_delivery_assignment_state_machine.py::test_list_available_for_courier_returns_only_awaiting
FAILED services/core-api/tests/test_main_includes_menu_routers.py::test_main_include_router_call_count
FAILED services/core-api/tests/test_menu_admin.py::test_admin_delete_referenced_category_returns_409
FAILED services/core-api/tests/test_menu_public.py::test_get_menu_empty_database_returns_empty_list
FAILED services/core-api/tests/test_route_cart.py::test_post_cart_item_merges_same_line
FAILED services/core-api/tests/test_route_cart.py::test_patch_cart_item_updates_quantity
FAILED services/core-api/tests/test_route_cart.py::test_delete_cart_item_removes_line
FAILED services/core-api/tests/test_route_cart.py::test_cart_ttl_env_override_respected
FAILED services/core-api/tests/test_route_order_history.py::test_single_order_detail_is_not_duplicated
FAILED services/core-api/tests/test_schemas_order.py::test_shop_settings_response_round_trip
===== 10 failed, 1084 passed, 1 skipped, 591 warnings in 65.99s (0:01:05) ======
