============================= test session starts ==============================
platform linux -- Python 3.12.13, pytest-9.0.3, pluggy-1.6.0 -- /usr/local/bin/python3.12
cachedir: .pytest_cache
rootdir: /app/packages/shared
configfile: pyproject.toml
plugins: respx-0.23.1, anyio-4.13.0
collecting ... collected 11 items

packages/shared/tests/test_enums_menu.py::test_category_type_values PASSED [  9%]
packages/shared/tests/test_enums_menu.py::test_size_label_values PASSED  [ 18%]
packages/shared/tests/test_enums_menu.py::test_menu_item_availability_values PASSED [ 27%]
packages/shared/tests/test_grace_logging.py::test_block_marker_format PASSED [ 36%]
packages/shared/tests/test_grace_logging.py::test_belief_match PASSED    [ 45%]
packages/shared/tests/test_grace_logging.py::test_belief_mismatch PASSED [ 54%]
packages/shared/tests/test_grace_logging.py::test_assert_trajectory_in_order PASSED [ 63%]
packages/shared/tests/test_grace_logging.py::test_assert_trajectory_missing_marker PASSED [ 72%]
packages/shared/tests/test_grace_logging.py::test_parse_belief_standalone PASSED [ 81%]
packages/shared/tests/test_grace_logging.py::test_parse_belief_returns_none_for_non_belief_lines PASSED [ 90%]
packages/shared/tests/test_grace_logging.py::test_module_label_from_logger_name PASSED [100%]

============================== 11 passed in 0.05s ==============================
